[2025-04-11T07:06:19.541+0000] {taskinstance.py:1956} INFO - Dependencies all met for dep_context=non-requeueable deps ti=<TaskInstance: proyecto_bigdata.guardar_postgresql scheduled__2024-04-10T00:00:00+00:00 [queued]>
[2025-04-11T07:06:19.551+0000] {taskinstance.py:1956} INFO - Dependencies all met for dep_context=requeueable deps ti=<TaskInstance: proyecto_bigdata.guardar_postgresql scheduled__2024-04-10T00:00:00+00:00 [queued]>
[2025-04-11T07:06:19.552+0000] {taskinstance.py:2170} INFO - Starting attempt 1 of 1
[2025-04-11T07:06:19.566+0000] {taskinstance.py:2191} INFO - Executing <Task(PythonOperator): guardar_postgresql> on 2024-04-10 00:00:00+00:00
[2025-04-11T07:06:19.571+0000] {standard_task_runner.py:60} INFO - Started process 344 to run task
[2025-04-11T07:06:19.574+0000] {standard_task_runner.py:87} INFO - Running: ['***', 'tasks', 'run', 'proyecto_bigdata', 'guardar_postgresql', 'scheduled__2024-04-10T00:00:00+00:00', '--job-id', '4', '--raw', '--subdir', 'DAGS_FOLDER/proyecto_bigdata_dag.py', '--cfg-path', '/tmp/tmpqhygi2pj']
[2025-04-11T07:06:19.576+0000] {standard_task_runner.py:88} INFO - Job 4: Subtask guardar_postgresql
[2025-04-11T07:06:19.627+0000] {task_command.py:423} INFO - Running <TaskInstance: proyecto_bigdata.guardar_postgresql scheduled__2024-04-10T00:00:00+00:00 [running]> on host 4193653a407b
[2025-04-11T07:06:19.704+0000] {taskinstance.py:2480} INFO - Exporting env vars: AIRFLOW_CTX_DAG_OWNER='***' AIRFLOW_CTX_DAG_ID='proyecto_bigdata' AIRFLOW_CTX_TASK_ID='guardar_postgresql' AIRFLOW_CTX_EXECUTION_DATE='2024-04-10T00:00:00+00:00' AIRFLOW_CTX_TRY_NUMBER='1' AIRFLOW_CTX_DAG_RUN_ID='scheduled__2024-04-10T00:00:00+00:00'
[2025-04-11T07:06:19.737+0000] {python.py:201} INFO - Done. Returned value was: None
[2025-04-11T07:06:19.748+0000] {taskinstance.py:1138} INFO - Marking task as SUCCESS. dag_id=proyecto_bigdata, task_id=guardar_postgresql, execution_date=20240410T000000, start_date=20250411T070619, end_date=20250411T070619
[2025-04-11T07:06:19.789+0000] {local_task_job_runner.py:234} INFO - Task exited with return code 0
[2025-04-11T07:06:19.816+0000] {taskinstance.py:3280} INFO - 1 downstream tasks scheduled from follow-on schedule check
[2025-04-11T07:52:31.615+0000] {taskinstance.py:1956} INFO - Dependencies all met for dep_context=non-requeueable deps ti=<TaskInstance: proyecto_bigdata.guardar_postgresql scheduled__2024-04-10T00:00:00+00:00 [queued]>
[2025-04-11T07:52:31.624+0000] {taskinstance.py:1956} INFO - Dependencies all met for dep_context=requeueable deps ti=<TaskInstance: proyecto_bigdata.guardar_postgresql scheduled__2024-04-10T00:00:00+00:00 [queued]>
[2025-04-11T07:52:31.625+0000] {taskinstance.py:2170} INFO - Starting attempt 1 of 1
[2025-04-11T07:52:31.637+0000] {taskinstance.py:2191} INFO - Executing <Task(PythonOperator): guardar_postgresql> on 2024-04-10 00:00:00+00:00
[2025-04-11T07:52:31.644+0000] {standard_task_runner.py:60} INFO - Started process 301 to run task
[2025-04-11T07:52:31.647+0000] {standard_task_runner.py:87} INFO - Running: ['***', 'tasks', 'run', 'proyecto_bigdata', 'guardar_postgresql', 'scheduled__2024-04-10T00:00:00+00:00', '--job-id', '5', '--raw', '--subdir', 'DAGS_FOLDER/proyecto_bigdata_dag.py', '--cfg-path', '/tmp/tmp9_xf195w']
[2025-04-11T07:52:31.649+0000] {standard_task_runner.py:88} INFO - Job 5: Subtask guardar_postgresql
[2025-04-11T07:52:31.698+0000] {task_command.py:423} INFO - Running <TaskInstance: proyecto_bigdata.guardar_postgresql scheduled__2024-04-10T00:00:00+00:00 [running]> on host 04c54140d555
[2025-04-11T07:52:31.767+0000] {taskinstance.py:2480} INFO - Exporting env vars: AIRFLOW_CTX_DAG_OWNER='***' AIRFLOW_CTX_DAG_ID='proyecto_bigdata' AIRFLOW_CTX_TASK_ID='guardar_postgresql' AIRFLOW_CTX_EXECUTION_DATE='2024-04-10T00:00:00+00:00' AIRFLOW_CTX_TRY_NUMBER='1' AIRFLOW_CTX_DAG_RUN_ID='scheduled__2024-04-10T00:00:00+00:00'
[2025-04-11T07:52:31.797+0000] {python.py:201} INFO - Done. Returned value was: None
[2025-04-11T07:52:31.808+0000] {taskinstance.py:1138} INFO - Marking task as SUCCESS. dag_id=proyecto_bigdata, task_id=guardar_postgresql, execution_date=20240410T000000, start_date=20250411T075231, end_date=20250411T075231
[2025-04-11T07:52:31.861+0000] {local_task_job_runner.py:234} INFO - Task exited with return code 0
[2025-04-11T07:52:31.882+0000] {taskinstance.py:3280} INFO - 1 downstream tasks scheduled from follow-on schedule check
