[2025-04-11T07:06:15.722+0000] {taskinstance.py:1956} INFO - Dependencies all met for dep_context=non-requeueable deps ti=<TaskInstance: proyecto_bigdata.leer_kafka scheduled__2024-04-10T00:00:00+00:00 [queued]>
[2025-04-11T07:06:15.731+0000] {taskinstance.py:1956} INFO - Dependencies all met for dep_context=requeueable deps ti=<TaskInstance: proyecto_bigdata.leer_kafka scheduled__2024-04-10T00:00:00+00:00 [queued]>
[2025-04-11T07:06:15.732+0000] {taskinstance.py:2170} INFO - Starting attempt 1 of 1
[2025-04-11T07:06:15.745+0000] {taskinstance.py:2191} INFO - Executing <Task(PythonOperator): leer_kafka> on 2024-04-10 00:00:00+00:00
[2025-04-11T07:06:15.752+0000] {standard_task_runner.py:60} INFO - Started process 308 to run task
[2025-04-11T07:06:15.754+0000] {standard_task_runner.py:87} INFO - Running: ['***', 'tasks', 'run', 'proyecto_bigdata', 'leer_kafka', 'scheduled__2024-04-10T00:00:00+00:00', '--job-id', '2', '--raw', '--subdir', 'DAGS_FOLDER/proyecto_bigdata_dag.py', '--cfg-path', '/tmp/tmp6o1mj_6l']
[2025-04-11T07:06:15.756+0000] {standard_task_runner.py:88} INFO - Job 2: Subtask leer_kafka
[2025-04-11T07:06:15.811+0000] {task_command.py:423} INFO - Running <TaskInstance: proyecto_bigdata.leer_kafka scheduled__2024-04-10T00:00:00+00:00 [running]> on host 4193653a407b
[2025-04-11T07:06:15.890+0000] {taskinstance.py:2480} INFO - Exporting env vars: AIRFLOW_CTX_DAG_OWNER='***' AIRFLOW_CTX_DAG_ID='proyecto_bigdata' AIRFLOW_CTX_TASK_ID='leer_kafka' AIRFLOW_CTX_EXECUTION_DATE='2024-04-10T00:00:00+00:00' AIRFLOW_CTX_TRY_NUMBER='1' AIRFLOW_CTX_DAG_RUN_ID='scheduled__2024-04-10T00:00:00+00:00'
[2025-04-11T07:06:15.929+0000] {python.py:201} INFO - Done. Returned value was: None
[2025-04-11T07:06:15.939+0000] {taskinstance.py:1138} INFO - Marking task as SUCCESS. dag_id=proyecto_bigdata, task_id=leer_kafka, execution_date=20240410T000000, start_date=20250411T070615, end_date=20250411T070615
[2025-04-11T07:06:15.969+0000] {local_task_job_runner.py:234} INFO - Task exited with return code 0
[2025-04-11T07:06:15.991+0000] {taskinstance.py:3280} INFO - 1 downstream tasks scheduled from follow-on schedule check
[2025-04-11T07:52:26.756+0000] {taskinstance.py:1956} INFO - Dependencies all met for dep_context=non-requeueable deps ti=<TaskInstance: proyecto_bigdata.leer_kafka scheduled__2024-04-10T00:00:00+00:00 [queued]>
[2025-04-11T07:52:26.767+0000] {taskinstance.py:1956} INFO - Dependencies all met for dep_context=requeueable deps ti=<TaskInstance: proyecto_bigdata.leer_kafka scheduled__2024-04-10T00:00:00+00:00 [queued]>
[2025-04-11T07:52:26.768+0000] {taskinstance.py:2170} INFO - Starting attempt 1 of 1
[2025-04-11T07:52:26.782+0000] {taskinstance.py:2191} INFO - Executing <Task(PythonOperator): leer_kafka> on 2024-04-10 00:00:00+00:00
[2025-04-11T07:52:26.793+0000] {standard_task_runner.py:60} INFO - Started process 245 to run task
[2025-04-11T07:52:26.797+0000] {standard_task_runner.py:87} INFO - Running: ['***', 'tasks', 'run', 'proyecto_bigdata', 'leer_kafka', 'scheduled__2024-04-10T00:00:00+00:00', '--job-id', '2', '--raw', '--subdir', 'DAGS_FOLDER/proyecto_bigdata_dag.py', '--cfg-path', '/tmp/tmphn5qy94b']
[2025-04-11T07:52:26.799+0000] {standard_task_runner.py:88} INFO - Job 2: Subtask leer_kafka
[2025-04-11T07:52:26.862+0000] {task_command.py:423} INFO - Running <TaskInstance: proyecto_bigdata.leer_kafka scheduled__2024-04-10T00:00:00+00:00 [running]> on host 04c54140d555
[2025-04-11T07:52:26.943+0000] {taskinstance.py:2480} INFO - Exporting env vars: AIRFLOW_CTX_DAG_OWNER='***' AIRFLOW_CTX_DAG_ID='proyecto_bigdata' AIRFLOW_CTX_TASK_ID='leer_kafka' AIRFLOW_CTX_EXECUTION_DATE='2024-04-10T00:00:00+00:00' AIRFLOW_CTX_TRY_NUMBER='1' AIRFLOW_CTX_DAG_RUN_ID='scheduled__2024-04-10T00:00:00+00:00'
[2025-04-11T07:52:26.980+0000] {python.py:201} INFO - Done. Returned value was: None
[2025-04-11T07:52:26.995+0000] {taskinstance.py:1138} INFO - Marking task as SUCCESS. dag_id=proyecto_bigdata, task_id=leer_kafka, execution_date=20240410T000000, start_date=20250411T075226, end_date=20250411T075226
[2025-04-11T07:52:27.011+0000] {local_task_job_runner.py:234} INFO - Task exited with return code 0
[2025-04-11T07:52:27.036+0000] {taskinstance.py:3280} INFO - 1 downstream tasks scheduled from follow-on schedule check
