[2025-04-04T20:45:42.838+0000] {processor.py:161} INFO - Started process (PID=175) to work on /opt/airflow/dags/guardar_en_sql.py
[2025-04-04T20:45:42.839+0000] {processor.py:830} INFO - Processing file /opt/airflow/dags/guardar_en_sql.py for tasks to queue
[2025-04-04T20:45:42.841+0000] {logging_mixin.py:188} INFO - [2025-04-04T20:45:42.840+0000] {dagbag.py:538} INFO - Filling up the DagBag from /opt/airflow/dags/guardar_en_sql.py
[2025-04-04T20:45:44.006+0000] {processor.py:842} WARNING - No viable dags retrieved from /opt/airflow/dags/guardar_en_sql.py
[2025-04-04T20:45:44.018+0000] {processor.py:183} INFO - Processing /opt/airflow/dags/guardar_en_sql.py took 1.184 seconds
[2025-04-04T20:46:14.429+0000] {processor.py:161} INFO - Started process (PID=191) to work on /opt/airflow/dags/guardar_en_sql.py
[2025-04-04T20:46:14.430+0000] {processor.py:830} INFO - Processing file /opt/airflow/dags/guardar_en_sql.py for tasks to queue
[2025-04-04T20:46:14.432+0000] {logging_mixin.py:188} INFO - [2025-04-04T20:46:14.432+0000] {dagbag.py:538} INFO - Filling up the DagBag from /opt/airflow/dags/guardar_en_sql.py
[2025-04-04T20:46:14.716+0000] {processor.py:842} WARNING - No viable dags retrieved from /opt/airflow/dags/guardar_en_sql.py
[2025-04-04T20:46:14.736+0000] {processor.py:183} INFO - Processing /opt/airflow/dags/guardar_en_sql.py took 0.311 seconds
[2025-04-04T20:46:44.895+0000] {processor.py:161} INFO - Started process (PID=202) to work on /opt/airflow/dags/guardar_en_sql.py
[2025-04-04T20:46:44.897+0000] {processor.py:830} INFO - Processing file /opt/airflow/dags/guardar_en_sql.py for tasks to queue
[2025-04-04T20:46:44.899+0000] {logging_mixin.py:188} INFO - [2025-04-04T20:46:44.898+0000] {dagbag.py:538} INFO - Filling up the DagBag from /opt/airflow/dags/guardar_en_sql.py
[2025-04-04T20:46:45.156+0000] {processor.py:842} WARNING - No viable dags retrieved from /opt/airflow/dags/guardar_en_sql.py
[2025-04-04T20:46:45.172+0000] {processor.py:183} INFO - Processing /opt/airflow/dags/guardar_en_sql.py took 0.280 seconds
[2025-04-04T20:47:15.407+0000] {processor.py:161} INFO - Started process (PID=213) to work on /opt/airflow/dags/guardar_en_sql.py
[2025-04-04T20:47:15.409+0000] {processor.py:830} INFO - Processing file /opt/airflow/dags/guardar_en_sql.py for tasks to queue
[2025-04-04T20:47:15.411+0000] {logging_mixin.py:188} INFO - [2025-04-04T20:47:15.411+0000] {dagbag.py:538} INFO - Filling up the DagBag from /opt/airflow/dags/guardar_en_sql.py
[2025-04-04T20:47:15.692+0000] {processor.py:842} WARNING - No viable dags retrieved from /opt/airflow/dags/guardar_en_sql.py
[2025-04-04T20:47:15.711+0000] {processor.py:183} INFO - Processing /opt/airflow/dags/guardar_en_sql.py took 0.308 seconds
[2025-04-04T20:52:20.671+0000] {processor.py:161} INFO - Started process (PID=175) to work on /opt/airflow/dags/guardar_en_sql.py
[2025-04-04T20:52:20.672+0000] {processor.py:830} INFO - Processing file /opt/airflow/dags/guardar_en_sql.py for tasks to queue
[2025-04-04T20:52:20.674+0000] {logging_mixin.py:188} INFO - [2025-04-04T20:52:20.673+0000] {dagbag.py:538} INFO - Filling up the DagBag from /opt/airflow/dags/guardar_en_sql.py
[2025-04-04T20:52:21.015+0000] {processor.py:842} WARNING - No viable dags retrieved from /opt/airflow/dags/guardar_en_sql.py
[2025-04-04T20:52:21.028+0000] {processor.py:183} INFO - Processing /opt/airflow/dags/guardar_en_sql.py took 0.361 seconds
[2025-04-04T20:52:51.232+0000] {processor.py:161} INFO - Started process (PID=186) to work on /opt/airflow/dags/guardar_en_sql.py
[2025-04-04T20:52:51.233+0000] {processor.py:830} INFO - Processing file /opt/airflow/dags/guardar_en_sql.py for tasks to queue
[2025-04-04T20:52:51.234+0000] {logging_mixin.py:188} INFO - [2025-04-04T20:52:51.234+0000] {dagbag.py:538} INFO - Filling up the DagBag from /opt/airflow/dags/guardar_en_sql.py
[2025-04-04T20:52:51.480+0000] {processor.py:842} WARNING - No viable dags retrieved from /opt/airflow/dags/guardar_en_sql.py
[2025-04-04T20:52:51.497+0000] {processor.py:183} INFO - Processing /opt/airflow/dags/guardar_en_sql.py took 0.268 seconds
[2025-04-04T20:53:21.763+0000] {processor.py:161} INFO - Started process (PID=197) to work on /opt/airflow/dags/guardar_en_sql.py
[2025-04-04T20:53:21.764+0000] {processor.py:830} INFO - Processing file /opt/airflow/dags/guardar_en_sql.py for tasks to queue
[2025-04-04T20:53:21.766+0000] {logging_mixin.py:188} INFO - [2025-04-04T20:53:21.765+0000] {dagbag.py:538} INFO - Filling up the DagBag from /opt/airflow/dags/guardar_en_sql.py
[2025-04-04T20:53:22.002+0000] {processor.py:842} WARNING - No viable dags retrieved from /opt/airflow/dags/guardar_en_sql.py
[2025-04-04T20:53:22.016+0000] {processor.py:183} INFO - Processing /opt/airflow/dags/guardar_en_sql.py took 0.256 seconds
[2025-04-04T20:53:52.309+0000] {processor.py:161} INFO - Started process (PID=208) to work on /opt/airflow/dags/guardar_en_sql.py
[2025-04-04T20:53:52.311+0000] {processor.py:830} INFO - Processing file /opt/airflow/dags/guardar_en_sql.py for tasks to queue
[2025-04-04T20:53:52.313+0000] {logging_mixin.py:188} INFO - [2025-04-04T20:53:52.312+0000] {dagbag.py:538} INFO - Filling up the DagBag from /opt/airflow/dags/guardar_en_sql.py
[2025-04-04T20:53:52.562+0000] {processor.py:842} WARNING - No viable dags retrieved from /opt/airflow/dags/guardar_en_sql.py
[2025-04-04T20:53:52.576+0000] {processor.py:183} INFO - Processing /opt/airflow/dags/guardar_en_sql.py took 0.271 seconds
[2025-04-04T20:54:22.863+0000] {processor.py:161} INFO - Started process (PID=219) to work on /opt/airflow/dags/guardar_en_sql.py
[2025-04-04T20:54:22.864+0000] {processor.py:830} INFO - Processing file /opt/airflow/dags/guardar_en_sql.py for tasks to queue
[2025-04-04T20:54:22.865+0000] {logging_mixin.py:188} INFO - [2025-04-04T20:54:22.864+0000] {dagbag.py:538} INFO - Filling up the DagBag from /opt/airflow/dags/guardar_en_sql.py
[2025-04-04T20:54:23.109+0000] {processor.py:842} WARNING - No viable dags retrieved from /opt/airflow/dags/guardar_en_sql.py
[2025-04-04T20:54:23.124+0000] {processor.py:183} INFO - Processing /opt/airflow/dags/guardar_en_sql.py took 0.264 seconds
[2025-04-04T20:54:53.382+0000] {processor.py:161} INFO - Started process (PID=230) to work on /opt/airflow/dags/guardar_en_sql.py
[2025-04-04T20:54:53.384+0000] {processor.py:830} INFO - Processing file /opt/airflow/dags/guardar_en_sql.py for tasks to queue
[2025-04-04T20:54:53.386+0000] {logging_mixin.py:188} INFO - [2025-04-04T20:54:53.385+0000] {dagbag.py:538} INFO - Filling up the DagBag from /opt/airflow/dags/guardar_en_sql.py
[2025-04-04T20:54:53.740+0000] {processor.py:842} WARNING - No viable dags retrieved from /opt/airflow/dags/guardar_en_sql.py
[2025-04-04T20:54:53.760+0000] {processor.py:183} INFO - Processing /opt/airflow/dags/guardar_en_sql.py took 0.382 seconds
[2025-04-04T20:55:24.021+0000] {processor.py:161} INFO - Started process (PID=241) to work on /opt/airflow/dags/guardar_en_sql.py
[2025-04-04T20:55:24.022+0000] {processor.py:830} INFO - Processing file /opt/airflow/dags/guardar_en_sql.py for tasks to queue
[2025-04-04T20:55:24.024+0000] {logging_mixin.py:188} INFO - [2025-04-04T20:55:24.023+0000] {dagbag.py:538} INFO - Filling up the DagBag from /opt/airflow/dags/guardar_en_sql.py
[2025-04-04T20:55:24.414+0000] {processor.py:842} WARNING - No viable dags retrieved from /opt/airflow/dags/guardar_en_sql.py
[2025-04-04T20:55:24.439+0000] {processor.py:183} INFO - Processing /opt/airflow/dags/guardar_en_sql.py took 0.423 seconds
[2025-04-04T20:55:54.662+0000] {processor.py:161} INFO - Started process (PID=252) to work on /opt/airflow/dags/guardar_en_sql.py
[2025-04-04T20:55:54.664+0000] {processor.py:830} INFO - Processing file /opt/airflow/dags/guardar_en_sql.py for tasks to queue
[2025-04-04T20:55:54.666+0000] {logging_mixin.py:188} INFO - [2025-04-04T20:55:54.665+0000] {dagbag.py:538} INFO - Filling up the DagBag from /opt/airflow/dags/guardar_en_sql.py
[2025-04-04T20:55:55.049+0000] {processor.py:842} WARNING - No viable dags retrieved from /opt/airflow/dags/guardar_en_sql.py
[2025-04-04T20:55:55.074+0000] {processor.py:183} INFO - Processing /opt/airflow/dags/guardar_en_sql.py took 0.415 seconds
[2025-04-04T20:56:25.390+0000] {processor.py:161} INFO - Started process (PID=273) to work on /opt/airflow/dags/guardar_en_sql.py
[2025-04-04T20:56:25.392+0000] {processor.py:830} INFO - Processing file /opt/airflow/dags/guardar_en_sql.py for tasks to queue
[2025-04-04T20:56:25.393+0000] {logging_mixin.py:188} INFO - [2025-04-04T20:56:25.393+0000] {dagbag.py:538} INFO - Filling up the DagBag from /opt/airflow/dags/guardar_en_sql.py
[2025-04-04T20:56:25.793+0000] {processor.py:842} WARNING - No viable dags retrieved from /opt/airflow/dags/guardar_en_sql.py
[2025-04-04T20:56:25.815+0000] {processor.py:183} INFO - Processing /opt/airflow/dags/guardar_en_sql.py took 0.429 seconds
[2025-04-04T20:56:56.073+0000] {processor.py:161} INFO - Started process (PID=284) to work on /opt/airflow/dags/guardar_en_sql.py
[2025-04-04T20:56:56.075+0000] {processor.py:830} INFO - Processing file /opt/airflow/dags/guardar_en_sql.py for tasks to queue
[2025-04-04T20:56:56.077+0000] {logging_mixin.py:188} INFO - [2025-04-04T20:56:56.076+0000] {dagbag.py:538} INFO - Filling up the DagBag from /opt/airflow/dags/guardar_en_sql.py
[2025-04-04T20:56:56.471+0000] {processor.py:842} WARNING - No viable dags retrieved from /opt/airflow/dags/guardar_en_sql.py
[2025-04-04T20:56:56.498+0000] {processor.py:183} INFO - Processing /opt/airflow/dags/guardar_en_sql.py took 0.429 seconds
[2025-04-04T20:57:26.930+0000] {processor.py:161} INFO - Started process (PID=295) to work on /opt/airflow/dags/guardar_en_sql.py
[2025-04-04T20:57:26.933+0000] {processor.py:830} INFO - Processing file /opt/airflow/dags/guardar_en_sql.py for tasks to queue
[2025-04-04T20:57:26.937+0000] {logging_mixin.py:188} INFO - [2025-04-04T20:57:26.937+0000] {dagbag.py:538} INFO - Filling up the DagBag from /opt/airflow/dags/guardar_en_sql.py
[2025-04-04T20:57:27.349+0000] {processor.py:842} WARNING - No viable dags retrieved from /opt/airflow/dags/guardar_en_sql.py
[2025-04-04T20:57:27.380+0000] {processor.py:183} INFO - Processing /opt/airflow/dags/guardar_en_sql.py took 0.457 seconds
[2025-04-04T20:57:57.667+0000] {processor.py:161} INFO - Started process (PID=306) to work on /opt/airflow/dags/guardar_en_sql.py
[2025-04-04T20:57:57.670+0000] {processor.py:830} INFO - Processing file /opt/airflow/dags/guardar_en_sql.py for tasks to queue
[2025-04-04T20:57:57.672+0000] {logging_mixin.py:188} INFO - [2025-04-04T20:57:57.671+0000] {dagbag.py:538} INFO - Filling up the DagBag from /opt/airflow/dags/guardar_en_sql.py
[2025-04-04T20:57:58.082+0000] {processor.py:842} WARNING - No viable dags retrieved from /opt/airflow/dags/guardar_en_sql.py
[2025-04-04T20:57:58.106+0000] {processor.py:183} INFO - Processing /opt/airflow/dags/guardar_en_sql.py took 0.445 seconds
[2025-04-04T20:58:28.375+0000] {processor.py:161} INFO - Started process (PID=317) to work on /opt/airflow/dags/guardar_en_sql.py
[2025-04-04T20:58:28.377+0000] {processor.py:830} INFO - Processing file /opt/airflow/dags/guardar_en_sql.py for tasks to queue
[2025-04-04T20:58:28.378+0000] {logging_mixin.py:188} INFO - [2025-04-04T20:58:28.378+0000] {dagbag.py:538} INFO - Filling up the DagBag from /opt/airflow/dags/guardar_en_sql.py
[2025-04-04T20:58:28.750+0000] {processor.py:842} WARNING - No viable dags retrieved from /opt/airflow/dags/guardar_en_sql.py
[2025-04-04T20:58:28.774+0000] {processor.py:183} INFO - Processing /opt/airflow/dags/guardar_en_sql.py took 0.404 seconds
[2025-04-04T20:58:59.042+0000] {processor.py:161} INFO - Started process (PID=328) to work on /opt/airflow/dags/guardar_en_sql.py
[2025-04-04T20:58:59.044+0000] {processor.py:830} INFO - Processing file /opt/airflow/dags/guardar_en_sql.py for tasks to queue
[2025-04-04T20:58:59.046+0000] {logging_mixin.py:188} INFO - [2025-04-04T20:58:59.046+0000] {dagbag.py:538} INFO - Filling up the DagBag from /opt/airflow/dags/guardar_en_sql.py
[2025-04-04T20:58:59.428+0000] {processor.py:842} WARNING - No viable dags retrieved from /opt/airflow/dags/guardar_en_sql.py
[2025-04-04T20:58:59.454+0000] {processor.py:183} INFO - Processing /opt/airflow/dags/guardar_en_sql.py took 0.417 seconds
[2025-04-04T20:59:29.676+0000] {processor.py:161} INFO - Started process (PID=339) to work on /opt/airflow/dags/guardar_en_sql.py
[2025-04-04T20:59:29.678+0000] {processor.py:830} INFO - Processing file /opt/airflow/dags/guardar_en_sql.py for tasks to queue
[2025-04-04T20:59:29.680+0000] {logging_mixin.py:188} INFO - [2025-04-04T20:59:29.680+0000] {dagbag.py:538} INFO - Filling up the DagBag from /opt/airflow/dags/guardar_en_sql.py
[2025-04-04T20:59:30.215+0000] {processor.py:842} WARNING - No viable dags retrieved from /opt/airflow/dags/guardar_en_sql.py
[2025-04-04T20:59:30.238+0000] {processor.py:183} INFO - Processing /opt/airflow/dags/guardar_en_sql.py took 0.567 seconds
[2025-04-04T21:00:00.525+0000] {processor.py:161} INFO - Started process (PID=350) to work on /opt/airflow/dags/guardar_en_sql.py
[2025-04-04T21:00:00.527+0000] {processor.py:830} INFO - Processing file /opt/airflow/dags/guardar_en_sql.py for tasks to queue
[2025-04-04T21:00:00.529+0000] {logging_mixin.py:188} INFO - [2025-04-04T21:00:00.529+0000] {dagbag.py:538} INFO - Filling up the DagBag from /opt/airflow/dags/guardar_en_sql.py
[2025-04-04T21:00:00.919+0000] {processor.py:842} WARNING - No viable dags retrieved from /opt/airflow/dags/guardar_en_sql.py
[2025-04-04T21:00:00.950+0000] {processor.py:183} INFO - Processing /opt/airflow/dags/guardar_en_sql.py took 0.430 seconds
[2025-04-04T21:00:31.206+0000] {processor.py:161} INFO - Started process (PID=361) to work on /opt/airflow/dags/guardar_en_sql.py
[2025-04-04T21:00:31.208+0000] {processor.py:830} INFO - Processing file /opt/airflow/dags/guardar_en_sql.py for tasks to queue
[2025-04-04T21:00:31.211+0000] {logging_mixin.py:188} INFO - [2025-04-04T21:00:31.210+0000] {dagbag.py:538} INFO - Filling up the DagBag from /opt/airflow/dags/guardar_en_sql.py
[2025-04-04T21:00:31.604+0000] {processor.py:842} WARNING - No viable dags retrieved from /opt/airflow/dags/guardar_en_sql.py
[2025-04-04T21:00:31.626+0000] {processor.py:183} INFO - Processing /opt/airflow/dags/guardar_en_sql.py took 0.424 seconds
[2025-04-04T21:01:01.928+0000] {processor.py:161} INFO - Started process (PID=372) to work on /opt/airflow/dags/guardar_en_sql.py
[2025-04-04T21:01:01.930+0000] {processor.py:830} INFO - Processing file /opt/airflow/dags/guardar_en_sql.py for tasks to queue
[2025-04-04T21:01:01.932+0000] {logging_mixin.py:188} INFO - [2025-04-04T21:01:01.931+0000] {dagbag.py:538} INFO - Filling up the DagBag from /opt/airflow/dags/guardar_en_sql.py
[2025-04-04T21:01:02.310+0000] {processor.py:842} WARNING - No viable dags retrieved from /opt/airflow/dags/guardar_en_sql.py
[2025-04-04T21:01:02.339+0000] {processor.py:183} INFO - Processing /opt/airflow/dags/guardar_en_sql.py took 0.416 seconds
[2025-04-04T21:01:32.573+0000] {processor.py:161} INFO - Started process (PID=383) to work on /opt/airflow/dags/guardar_en_sql.py
[2025-04-04T21:01:32.575+0000] {processor.py:830} INFO - Processing file /opt/airflow/dags/guardar_en_sql.py for tasks to queue
[2025-04-04T21:01:32.576+0000] {logging_mixin.py:188} INFO - [2025-04-04T21:01:32.576+0000] {dagbag.py:538} INFO - Filling up the DagBag from /opt/airflow/dags/guardar_en_sql.py
[2025-04-04T21:01:32.924+0000] {processor.py:842} WARNING - No viable dags retrieved from /opt/airflow/dags/guardar_en_sql.py
[2025-04-04T21:01:32.955+0000] {processor.py:183} INFO - Processing /opt/airflow/dags/guardar_en_sql.py took 0.386 seconds
[2025-04-04T21:02:03.209+0000] {processor.py:161} INFO - Started process (PID=394) to work on /opt/airflow/dags/guardar_en_sql.py
[2025-04-04T21:02:03.211+0000] {processor.py:830} INFO - Processing file /opt/airflow/dags/guardar_en_sql.py for tasks to queue
[2025-04-04T21:02:03.212+0000] {logging_mixin.py:188} INFO - [2025-04-04T21:02:03.212+0000] {dagbag.py:538} INFO - Filling up the DagBag from /opt/airflow/dags/guardar_en_sql.py
[2025-04-04T21:02:03.598+0000] {processor.py:842} WARNING - No viable dags retrieved from /opt/airflow/dags/guardar_en_sql.py
[2025-04-04T21:02:03.629+0000] {processor.py:183} INFO - Processing /opt/airflow/dags/guardar_en_sql.py took 0.424 seconds
[2025-04-04T21:02:33.863+0000] {processor.py:161} INFO - Started process (PID=405) to work on /opt/airflow/dags/guardar_en_sql.py
[2025-04-04T21:02:33.864+0000] {processor.py:830} INFO - Processing file /opt/airflow/dags/guardar_en_sql.py for tasks to queue
[2025-04-04T21:02:33.866+0000] {logging_mixin.py:188} INFO - [2025-04-04T21:02:33.866+0000] {dagbag.py:538} INFO - Filling up the DagBag from /opt/airflow/dags/guardar_en_sql.py
[2025-04-04T21:02:34.220+0000] {processor.py:842} WARNING - No viable dags retrieved from /opt/airflow/dags/guardar_en_sql.py
[2025-04-04T21:02:34.241+0000] {processor.py:183} INFO - Processing /opt/airflow/dags/guardar_en_sql.py took 0.382 seconds
[2025-04-04T21:03:04.426+0000] {processor.py:161} INFO - Started process (PID=416) to work on /opt/airflow/dags/guardar_en_sql.py
[2025-04-04T21:03:04.427+0000] {processor.py:830} INFO - Processing file /opt/airflow/dags/guardar_en_sql.py for tasks to queue
[2025-04-04T21:03:04.429+0000] {logging_mixin.py:188} INFO - [2025-04-04T21:03:04.428+0000] {dagbag.py:538} INFO - Filling up the DagBag from /opt/airflow/dags/guardar_en_sql.py
[2025-04-04T21:03:04.765+0000] {processor.py:842} WARNING - No viable dags retrieved from /opt/airflow/dags/guardar_en_sql.py
[2025-04-04T21:03:04.785+0000] {processor.py:183} INFO - Processing /opt/airflow/dags/guardar_en_sql.py took 0.363 seconds
[2025-04-04T21:03:34.973+0000] {processor.py:161} INFO - Started process (PID=427) to work on /opt/airflow/dags/guardar_en_sql.py
[2025-04-04T21:03:34.975+0000] {processor.py:830} INFO - Processing file /opt/airflow/dags/guardar_en_sql.py for tasks to queue
[2025-04-04T21:03:34.977+0000] {logging_mixin.py:188} INFO - [2025-04-04T21:03:34.976+0000] {dagbag.py:538} INFO - Filling up the DagBag from /opt/airflow/dags/guardar_en_sql.py
[2025-04-04T21:03:35.365+0000] {processor.py:842} WARNING - No viable dags retrieved from /opt/airflow/dags/guardar_en_sql.py
[2025-04-04T21:03:35.384+0000] {processor.py:183} INFO - Processing /opt/airflow/dags/guardar_en_sql.py took 0.416 seconds
[2025-04-04T21:04:05.668+0000] {processor.py:161} INFO - Started process (PID=438) to work on /opt/airflow/dags/guardar_en_sql.py
[2025-04-04T21:04:05.670+0000] {processor.py:830} INFO - Processing file /opt/airflow/dags/guardar_en_sql.py for tasks to queue
[2025-04-04T21:04:05.672+0000] {logging_mixin.py:188} INFO - [2025-04-04T21:04:05.671+0000] {dagbag.py:538} INFO - Filling up the DagBag from /opt/airflow/dags/guardar_en_sql.py
[2025-04-04T21:04:06.088+0000] {processor.py:842} WARNING - No viable dags retrieved from /opt/airflow/dags/guardar_en_sql.py
[2025-04-04T21:04:06.112+0000] {processor.py:183} INFO - Processing /opt/airflow/dags/guardar_en_sql.py took 0.449 seconds
[2025-04-04T21:04:36.308+0000] {processor.py:161} INFO - Started process (PID=449) to work on /opt/airflow/dags/guardar_en_sql.py
[2025-04-04T21:04:36.309+0000] {processor.py:830} INFO - Processing file /opt/airflow/dags/guardar_en_sql.py for tasks to queue
[2025-04-04T21:04:36.310+0000] {logging_mixin.py:188} INFO - [2025-04-04T21:04:36.310+0000] {dagbag.py:538} INFO - Filling up the DagBag from /opt/airflow/dags/guardar_en_sql.py
[2025-04-04T21:04:36.702+0000] {processor.py:842} WARNING - No viable dags retrieved from /opt/airflow/dags/guardar_en_sql.py
[2025-04-04T21:04:36.731+0000] {processor.py:183} INFO - Processing /opt/airflow/dags/guardar_en_sql.py took 0.427 seconds
[2025-04-04T21:05:06.960+0000] {processor.py:161} INFO - Started process (PID=460) to work on /opt/airflow/dags/guardar_en_sql.py
[2025-04-04T21:05:06.962+0000] {processor.py:830} INFO - Processing file /opt/airflow/dags/guardar_en_sql.py for tasks to queue
[2025-04-04T21:05:06.965+0000] {logging_mixin.py:188} INFO - [2025-04-04T21:05:06.964+0000] {dagbag.py:538} INFO - Filling up the DagBag from /opt/airflow/dags/guardar_en_sql.py
[2025-04-04T21:05:07.349+0000] {processor.py:842} WARNING - No viable dags retrieved from /opt/airflow/dags/guardar_en_sql.py
[2025-04-04T21:05:07.375+0000] {processor.py:183} INFO - Processing /opt/airflow/dags/guardar_en_sql.py took 0.421 seconds
[2025-04-04T21:05:37.610+0000] {processor.py:161} INFO - Started process (PID=471) to work on /opt/airflow/dags/guardar_en_sql.py
[2025-04-04T21:05:37.613+0000] {processor.py:830} INFO - Processing file /opt/airflow/dags/guardar_en_sql.py for tasks to queue
[2025-04-04T21:05:37.615+0000] {logging_mixin.py:188} INFO - [2025-04-04T21:05:37.614+0000] {dagbag.py:538} INFO - Filling up the DagBag from /opt/airflow/dags/guardar_en_sql.py
[2025-04-04T21:05:38.409+0000] {processor.py:842} WARNING - No viable dags retrieved from /opt/airflow/dags/guardar_en_sql.py
[2025-04-04T21:05:38.446+0000] {processor.py:183} INFO - Processing /opt/airflow/dags/guardar_en_sql.py took 0.844 seconds
[2025-04-04T21:06:08.628+0000] {processor.py:161} INFO - Started process (PID=487) to work on /opt/airflow/dags/guardar_en_sql.py
[2025-04-04T21:06:08.629+0000] {processor.py:830} INFO - Processing file /opt/airflow/dags/guardar_en_sql.py for tasks to queue
[2025-04-04T21:06:08.631+0000] {logging_mixin.py:188} INFO - [2025-04-04T21:06:08.631+0000] {dagbag.py:538} INFO - Filling up the DagBag from /opt/airflow/dags/guardar_en_sql.py
[2025-04-04T21:06:09.027+0000] {processor.py:842} WARNING - No viable dags retrieved from /opt/airflow/dags/guardar_en_sql.py
[2025-04-04T21:06:09.062+0000] {processor.py:183} INFO - Processing /opt/airflow/dags/guardar_en_sql.py took 0.440 seconds
[2025-04-04T21:06:39.403+0000] {processor.py:161} INFO - Started process (PID=498) to work on /opt/airflow/dags/guardar_en_sql.py
[2025-04-04T21:06:39.406+0000] {processor.py:830} INFO - Processing file /opt/airflow/dags/guardar_en_sql.py for tasks to queue
[2025-04-04T21:06:39.409+0000] {logging_mixin.py:188} INFO - [2025-04-04T21:06:39.408+0000] {dagbag.py:538} INFO - Filling up the DagBag from /opt/airflow/dags/guardar_en_sql.py
[2025-04-04T21:06:39.861+0000] {processor.py:842} WARNING - No viable dags retrieved from /opt/airflow/dags/guardar_en_sql.py
[2025-04-04T21:06:39.892+0000] {processor.py:183} INFO - Processing /opt/airflow/dags/guardar_en_sql.py took 0.496 seconds
[2025-04-04T21:07:10.431+0000] {processor.py:161} INFO - Started process (PID=509) to work on /opt/airflow/dags/guardar_en_sql.py
[2025-04-04T21:07:10.433+0000] {processor.py:830} INFO - Processing file /opt/airflow/dags/guardar_en_sql.py for tasks to queue
[2025-04-04T21:07:10.436+0000] {logging_mixin.py:188} INFO - [2025-04-04T21:07:10.435+0000] {dagbag.py:538} INFO - Filling up the DagBag from /opt/airflow/dags/guardar_en_sql.py
[2025-04-04T21:07:10.834+0000] {processor.py:842} WARNING - No viable dags retrieved from /opt/airflow/dags/guardar_en_sql.py
[2025-04-04T21:07:10.882+0000] {processor.py:183} INFO - Processing /opt/airflow/dags/guardar_en_sql.py took 0.455 seconds
