[2025-04-04T19:59:06.635+0000] {processor.py:161} INFO - Started process (PID=175) to work on /opt/airflow/dags/proyecto_bigdata_dag.py
[2025-04-04T19:59:06.636+0000] {processor.py:830} INFO - Processing file /opt/airflow/dags/proyecto_bigdata_dag.py for tasks to queue
[2025-04-04T19:59:06.638+0000] {logging_mixin.py:188} INFO - [2025-04-04T19:59:06.637+0000] {dagbag.py:538} INFO - Filling up the DagBag from /opt/airflow/dags/proyecto_bigdata_dag.py
[2025-04-04T19:59:06.688+0000] {processor.py:840} INFO - DAG(s) 'proyecto_bigdata' retrieved from /opt/airflow/dags/proyecto_bigdata_dag.py
[2025-04-04T19:59:06.739+0000] {logging_mixin.py:188} INFO - [2025-04-04T19:59:06.739+0000] {dag.py:3036} INFO - Sync 1 DAGs
[2025-04-04T19:59:06.760+0000] {logging_mixin.py:188} INFO - [2025-04-04T19:59:06.760+0000] {dag.py:3823} INFO - Setting next_dagrun for proyecto_bigdata to 2025-04-04 00:00:00+00:00, run_after=2025-04-05 00:00:00+00:00
[2025-04-04T19:59:06.781+0000] {processor.py:183} INFO - Processing /opt/airflow/dags/proyecto_bigdata_dag.py took 0.148 seconds
[2025-04-04T19:59:36.898+0000] {processor.py:161} INFO - Started process (PID=180) to work on /opt/airflow/dags/proyecto_bigdata_dag.py
[2025-04-04T19:59:36.899+0000] {processor.py:830} INFO - Processing file /opt/airflow/dags/proyecto_bigdata_dag.py for tasks to queue
[2025-04-04T19:59:36.902+0000] {logging_mixin.py:188} INFO - [2025-04-04T19:59:36.902+0000] {dagbag.py:538} INFO - Filling up the DagBag from /opt/airflow/dags/proyecto_bigdata_dag.py
[2025-04-04T19:59:36.944+0000] {processor.py:840} INFO - DAG(s) 'proyecto_bigdata' retrieved from /opt/airflow/dags/proyecto_bigdata_dag.py
[2025-04-04T19:59:36.970+0000] {logging_mixin.py:188} INFO - [2025-04-04T19:59:36.970+0000] {dag.py:3036} INFO - Sync 1 DAGs
[2025-04-04T19:59:36.991+0000] {logging_mixin.py:188} INFO - [2025-04-04T19:59:36.990+0000] {dag.py:3823} INFO - Setting next_dagrun for proyecto_bigdata to 2025-04-04 00:00:00+00:00, run_after=2025-04-05 00:00:00+00:00
[2025-04-04T19:59:37.011+0000] {processor.py:183} INFO - Processing /opt/airflow/dags/proyecto_bigdata_dag.py took 0.117 seconds
[2025-04-04T20:00:07.210+0000] {processor.py:161} INFO - Started process (PID=185) to work on /opt/airflow/dags/proyecto_bigdata_dag.py
[2025-04-04T20:00:07.211+0000] {processor.py:830} INFO - Processing file /opt/airflow/dags/proyecto_bigdata_dag.py for tasks to queue
[2025-04-04T20:00:07.213+0000] {logging_mixin.py:188} INFO - [2025-04-04T20:00:07.212+0000] {dagbag.py:538} INFO - Filling up the DagBag from /opt/airflow/dags/proyecto_bigdata_dag.py
[2025-04-04T20:00:07.256+0000] {processor.py:840} INFO - DAG(s) 'proyecto_bigdata' retrieved from /opt/airflow/dags/proyecto_bigdata_dag.py
[2025-04-04T20:00:07.286+0000] {logging_mixin.py:188} INFO - [2025-04-04T20:00:07.286+0000] {dag.py:3036} INFO - Sync 1 DAGs
[2025-04-04T20:00:07.309+0000] {logging_mixin.py:188} INFO - [2025-04-04T20:00:07.308+0000] {dag.py:3823} INFO - Setting next_dagrun for proyecto_bigdata to 2025-04-04 00:00:00+00:00, run_after=2025-04-05 00:00:00+00:00
[2025-04-04T20:00:07.335+0000] {processor.py:183} INFO - Processing /opt/airflow/dags/proyecto_bigdata_dag.py took 0.130 seconds
[2025-04-04T20:00:37.492+0000] {processor.py:161} INFO - Started process (PID=190) to work on /opt/airflow/dags/proyecto_bigdata_dag.py
[2025-04-04T20:00:37.494+0000] {processor.py:830} INFO - Processing file /opt/airflow/dags/proyecto_bigdata_dag.py for tasks to queue
[2025-04-04T20:00:37.495+0000] {logging_mixin.py:188} INFO - [2025-04-04T20:00:37.494+0000] {dagbag.py:538} INFO - Filling up the DagBag from /opt/airflow/dags/proyecto_bigdata_dag.py
[2025-04-04T20:00:37.534+0000] {processor.py:840} INFO - DAG(s) 'proyecto_bigdata' retrieved from /opt/airflow/dags/proyecto_bigdata_dag.py
[2025-04-04T20:00:37.559+0000] {logging_mixin.py:188} INFO - [2025-04-04T20:00:37.559+0000] {dag.py:3036} INFO - Sync 1 DAGs
[2025-04-04T20:00:37.576+0000] {logging_mixin.py:188} INFO - [2025-04-04T20:00:37.576+0000] {dag.py:3823} INFO - Setting next_dagrun for proyecto_bigdata to 2025-04-04 00:00:00+00:00, run_after=2025-04-05 00:00:00+00:00
[2025-04-04T20:00:37.598+0000] {processor.py:183} INFO - Processing /opt/airflow/dags/proyecto_bigdata_dag.py took 0.112 seconds
[2025-04-04T20:01:07.824+0000] {processor.py:161} INFO - Started process (PID=195) to work on /opt/airflow/dags/proyecto_bigdata_dag.py
[2025-04-04T20:01:07.825+0000] {processor.py:830} INFO - Processing file /opt/airflow/dags/proyecto_bigdata_dag.py for tasks to queue
[2025-04-04T20:01:07.827+0000] {logging_mixin.py:188} INFO - [2025-04-04T20:01:07.826+0000] {dagbag.py:538} INFO - Filling up the DagBag from /opt/airflow/dags/proyecto_bigdata_dag.py
[2025-04-04T20:01:07.865+0000] {processor.py:840} INFO - DAG(s) 'proyecto_bigdata' retrieved from /opt/airflow/dags/proyecto_bigdata_dag.py
[2025-04-04T20:01:07.904+0000] {logging_mixin.py:188} INFO - [2025-04-04T20:01:07.903+0000] {dag.py:3036} INFO - Sync 1 DAGs
[2025-04-04T20:01:07.933+0000] {logging_mixin.py:188} INFO - [2025-04-04T20:01:07.932+0000] {dag.py:3823} INFO - Setting next_dagrun for proyecto_bigdata to 2025-04-04 00:00:00+00:00, run_after=2025-04-05 00:00:00+00:00
[2025-04-04T20:01:07.965+0000] {processor.py:183} INFO - Processing /opt/airflow/dags/proyecto_bigdata_dag.py took 0.145 seconds
[2025-04-04T20:01:38.120+0000] {processor.py:161} INFO - Started process (PID=200) to work on /opt/airflow/dags/proyecto_bigdata_dag.py
[2025-04-04T20:01:38.121+0000] {processor.py:830} INFO - Processing file /opt/airflow/dags/proyecto_bigdata_dag.py for tasks to queue
[2025-04-04T20:01:38.123+0000] {logging_mixin.py:188} INFO - [2025-04-04T20:01:38.123+0000] {dagbag.py:538} INFO - Filling up the DagBag from /opt/airflow/dags/proyecto_bigdata_dag.py
[2025-04-04T20:01:38.167+0000] {processor.py:840} INFO - DAG(s) 'proyecto_bigdata' retrieved from /opt/airflow/dags/proyecto_bigdata_dag.py
[2025-04-04T20:01:38.195+0000] {logging_mixin.py:188} INFO - [2025-04-04T20:01:38.195+0000] {dag.py:3036} INFO - Sync 1 DAGs
[2025-04-04T20:01:38.215+0000] {logging_mixin.py:188} INFO - [2025-04-04T20:01:38.215+0000] {dag.py:3823} INFO - Setting next_dagrun for proyecto_bigdata to 2025-04-04 00:00:00+00:00, run_after=2025-04-05 00:00:00+00:00
[2025-04-04T20:01:38.245+0000] {processor.py:183} INFO - Processing /opt/airflow/dags/proyecto_bigdata_dag.py took 0.129 seconds
[2025-04-04T20:02:08.430+0000] {processor.py:161} INFO - Started process (PID=205) to work on /opt/airflow/dags/proyecto_bigdata_dag.py
[2025-04-04T20:02:08.431+0000] {processor.py:830} INFO - Processing file /opt/airflow/dags/proyecto_bigdata_dag.py for tasks to queue
[2025-04-04T20:02:08.432+0000] {logging_mixin.py:188} INFO - [2025-04-04T20:02:08.432+0000] {dagbag.py:538} INFO - Filling up the DagBag from /opt/airflow/dags/proyecto_bigdata_dag.py
[2025-04-04T20:02:08.475+0000] {processor.py:840} INFO - DAG(s) 'proyecto_bigdata' retrieved from /opt/airflow/dags/proyecto_bigdata_dag.py
[2025-04-04T20:02:08.501+0000] {logging_mixin.py:188} INFO - [2025-04-04T20:02:08.501+0000] {dag.py:3036} INFO - Sync 1 DAGs
[2025-04-04T20:02:08.521+0000] {logging_mixin.py:188} INFO - [2025-04-04T20:02:08.521+0000] {dag.py:3823} INFO - Setting next_dagrun for proyecto_bigdata to 2025-04-04 00:00:00+00:00, run_after=2025-04-05 00:00:00+00:00
[2025-04-04T20:02:08.538+0000] {processor.py:183} INFO - Processing /opt/airflow/dags/proyecto_bigdata_dag.py took 0.112 seconds
[2025-04-04T20:02:38.760+0000] {processor.py:161} INFO - Started process (PID=210) to work on /opt/airflow/dags/proyecto_bigdata_dag.py
[2025-04-04T20:02:38.761+0000] {processor.py:830} INFO - Processing file /opt/airflow/dags/proyecto_bigdata_dag.py for tasks to queue
[2025-04-04T20:02:38.762+0000] {logging_mixin.py:188} INFO - [2025-04-04T20:02:38.761+0000] {dagbag.py:538} INFO - Filling up the DagBag from /opt/airflow/dags/proyecto_bigdata_dag.py
[2025-04-04T20:02:38.789+0000] {processor.py:840} INFO - DAG(s) 'proyecto_bigdata' retrieved from /opt/airflow/dags/proyecto_bigdata_dag.py
[2025-04-04T20:02:38.814+0000] {logging_mixin.py:188} INFO - [2025-04-04T20:02:38.814+0000] {dag.py:3036} INFO - Sync 1 DAGs
[2025-04-04T20:02:38.833+0000] {logging_mixin.py:188} INFO - [2025-04-04T20:02:38.833+0000] {dag.py:3823} INFO - Setting next_dagrun for proyecto_bigdata to 2025-04-04 00:00:00+00:00, run_after=2025-04-05 00:00:00+00:00
[2025-04-04T20:02:38.852+0000] {processor.py:183} INFO - Processing /opt/airflow/dags/proyecto_bigdata_dag.py took 0.096 seconds
[2025-04-04T20:03:09.297+0000] {processor.py:161} INFO - Started process (PID=215) to work on /opt/airflow/dags/proyecto_bigdata_dag.py
[2025-04-04T20:03:09.299+0000] {processor.py:830} INFO - Processing file /opt/airflow/dags/proyecto_bigdata_dag.py for tasks to queue
[2025-04-04T20:03:09.301+0000] {logging_mixin.py:188} INFO - [2025-04-04T20:03:09.300+0000] {dagbag.py:538} INFO - Filling up the DagBag from /opt/airflow/dags/proyecto_bigdata_dag.py
[2025-04-04T20:03:09.366+0000] {processor.py:840} INFO - DAG(s) 'proyecto_bigdata' retrieved from /opt/airflow/dags/proyecto_bigdata_dag.py
[2025-04-04T20:03:09.392+0000] {logging_mixin.py:188} INFO - [2025-04-04T20:03:09.392+0000] {dag.py:3036} INFO - Sync 1 DAGs
[2025-04-04T20:03:09.410+0000] {logging_mixin.py:188} INFO - [2025-04-04T20:03:09.410+0000] {dag.py:3823} INFO - Setting next_dagrun for proyecto_bigdata to 2025-04-04 00:00:00+00:00, run_after=2025-04-05 00:00:00+00:00
[2025-04-04T20:03:09.432+0000] {processor.py:183} INFO - Processing /opt/airflow/dags/proyecto_bigdata_dag.py took 0.139 seconds
[2025-04-04T20:03:39.538+0000] {processor.py:161} INFO - Started process (PID=220) to work on /opt/airflow/dags/proyecto_bigdata_dag.py
[2025-04-04T20:03:39.539+0000] {processor.py:830} INFO - Processing file /opt/airflow/dags/proyecto_bigdata_dag.py for tasks to queue
[2025-04-04T20:03:39.540+0000] {logging_mixin.py:188} INFO - [2025-04-04T20:03:39.540+0000] {dagbag.py:538} INFO - Filling up the DagBag from /opt/airflow/dags/proyecto_bigdata_dag.py
[2025-04-04T20:03:39.584+0000] {processor.py:840} INFO - DAG(s) 'proyecto_bigdata' retrieved from /opt/airflow/dags/proyecto_bigdata_dag.py
[2025-04-04T20:03:39.614+0000] {logging_mixin.py:188} INFO - [2025-04-04T20:03:39.614+0000] {dag.py:3036} INFO - Sync 1 DAGs
[2025-04-04T20:03:39.639+0000] {logging_mixin.py:188} INFO - [2025-04-04T20:03:39.639+0000] {dag.py:3823} INFO - Setting next_dagrun for proyecto_bigdata to 2025-04-04 00:00:00+00:00, run_after=2025-04-05 00:00:00+00:00
[2025-04-04T20:03:39.664+0000] {processor.py:183} INFO - Processing /opt/airflow/dags/proyecto_bigdata_dag.py took 0.130 seconds
[2025-04-04T20:04:09.800+0000] {processor.py:161} INFO - Started process (PID=225) to work on /opt/airflow/dags/proyecto_bigdata_dag.py
[2025-04-04T20:04:09.801+0000] {processor.py:830} INFO - Processing file /opt/airflow/dags/proyecto_bigdata_dag.py for tasks to queue
[2025-04-04T20:04:09.802+0000] {logging_mixin.py:188} INFO - [2025-04-04T20:04:09.802+0000] {dagbag.py:538} INFO - Filling up the DagBag from /opt/airflow/dags/proyecto_bigdata_dag.py
[2025-04-04T20:04:09.835+0000] {processor.py:840} INFO - DAG(s) 'proyecto_bigdata' retrieved from /opt/airflow/dags/proyecto_bigdata_dag.py
[2025-04-04T20:04:09.861+0000] {logging_mixin.py:188} INFO - [2025-04-04T20:04:09.861+0000] {dag.py:3036} INFO - Sync 1 DAGs
[2025-04-04T20:04:09.880+0000] {logging_mixin.py:188} INFO - [2025-04-04T20:04:09.880+0000] {dag.py:3823} INFO - Setting next_dagrun for proyecto_bigdata to 2025-04-04 00:00:00+00:00, run_after=2025-04-05 00:00:00+00:00
[2025-04-04T20:04:09.900+0000] {processor.py:183} INFO - Processing /opt/airflow/dags/proyecto_bigdata_dag.py took 0.102 seconds
[2025-04-04T20:04:40.082+0000] {processor.py:161} INFO - Started process (PID=230) to work on /opt/airflow/dags/proyecto_bigdata_dag.py
[2025-04-04T20:04:40.083+0000] {processor.py:830} INFO - Processing file /opt/airflow/dags/proyecto_bigdata_dag.py for tasks to queue
[2025-04-04T20:04:40.085+0000] {logging_mixin.py:188} INFO - [2025-04-04T20:04:40.084+0000] {dagbag.py:538} INFO - Filling up the DagBag from /opt/airflow/dags/proyecto_bigdata_dag.py
[2025-04-04T20:04:40.127+0000] {processor.py:840} INFO - DAG(s) 'proyecto_bigdata' retrieved from /opt/airflow/dags/proyecto_bigdata_dag.py
[2025-04-04T20:04:40.152+0000] {logging_mixin.py:188} INFO - [2025-04-04T20:04:40.152+0000] {dag.py:3036} INFO - Sync 1 DAGs
[2025-04-04T20:04:40.171+0000] {logging_mixin.py:188} INFO - [2025-04-04T20:04:40.171+0000] {dag.py:3823} INFO - Setting next_dagrun for proyecto_bigdata to 2025-04-04 00:00:00+00:00, run_after=2025-04-05 00:00:00+00:00
[2025-04-04T20:04:40.190+0000] {processor.py:183} INFO - Processing /opt/airflow/dags/proyecto_bigdata_dag.py took 0.111 seconds
[2025-04-04T20:05:10.350+0000] {processor.py:161} INFO - Started process (PID=235) to work on /opt/airflow/dags/proyecto_bigdata_dag.py
[2025-04-04T20:05:10.351+0000] {processor.py:830} INFO - Processing file /opt/airflow/dags/proyecto_bigdata_dag.py for tasks to queue
[2025-04-04T20:05:10.353+0000] {logging_mixin.py:188} INFO - [2025-04-04T20:05:10.352+0000] {dagbag.py:538} INFO - Filling up the DagBag from /opt/airflow/dags/proyecto_bigdata_dag.py
[2025-04-04T20:05:10.407+0000] {processor.py:840} INFO - DAG(s) 'proyecto_bigdata' retrieved from /opt/airflow/dags/proyecto_bigdata_dag.py
[2025-04-04T20:05:10.431+0000] {logging_mixin.py:188} INFO - [2025-04-04T20:05:10.431+0000] {dag.py:3036} INFO - Sync 1 DAGs
[2025-04-04T20:05:10.451+0000] {logging_mixin.py:188} INFO - [2025-04-04T20:05:10.451+0000] {dag.py:3823} INFO - Setting next_dagrun for proyecto_bigdata to 2025-04-04 00:00:00+00:00, run_after=2025-04-05 00:00:00+00:00
[2025-04-04T20:05:10.474+0000] {processor.py:183} INFO - Processing /opt/airflow/dags/proyecto_bigdata_dag.py took 0.128 seconds
[2025-04-04T20:05:40.646+0000] {processor.py:161} INFO - Started process (PID=240) to work on /opt/airflow/dags/proyecto_bigdata_dag.py
[2025-04-04T20:05:40.647+0000] {processor.py:830} INFO - Processing file /opt/airflow/dags/proyecto_bigdata_dag.py for tasks to queue
[2025-04-04T20:05:40.648+0000] {logging_mixin.py:188} INFO - [2025-04-04T20:05:40.648+0000] {dagbag.py:538} INFO - Filling up the DagBag from /opt/airflow/dags/proyecto_bigdata_dag.py
[2025-04-04T20:05:40.686+0000] {processor.py:840} INFO - DAG(s) 'proyecto_bigdata' retrieved from /opt/airflow/dags/proyecto_bigdata_dag.py
[2025-04-04T20:05:40.712+0000] {logging_mixin.py:188} INFO - [2025-04-04T20:05:40.712+0000] {dag.py:3036} INFO - Sync 1 DAGs
[2025-04-04T20:05:40.732+0000] {logging_mixin.py:188} INFO - [2025-04-04T20:05:40.732+0000] {dag.py:3823} INFO - Setting next_dagrun for proyecto_bigdata to 2025-04-04 00:00:00+00:00, run_after=2025-04-05 00:00:00+00:00
[2025-04-04T20:05:40.752+0000] {processor.py:183} INFO - Processing /opt/airflow/dags/proyecto_bigdata_dag.py took 0.108 seconds
[2025-04-04T20:06:10.922+0000] {processor.py:161} INFO - Started process (PID=245) to work on /opt/airflow/dags/proyecto_bigdata_dag.py
[2025-04-04T20:06:10.923+0000] {processor.py:830} INFO - Processing file /opt/airflow/dags/proyecto_bigdata_dag.py for tasks to queue
[2025-04-04T20:06:10.925+0000] {logging_mixin.py:188} INFO - [2025-04-04T20:06:10.925+0000] {dagbag.py:538} INFO - Filling up the DagBag from /opt/airflow/dags/proyecto_bigdata_dag.py
[2025-04-04T20:06:10.959+0000] {processor.py:840} INFO - DAG(s) 'proyecto_bigdata' retrieved from /opt/airflow/dags/proyecto_bigdata_dag.py
[2025-04-04T20:06:10.984+0000] {logging_mixin.py:188} INFO - [2025-04-04T20:06:10.984+0000] {dag.py:3036} INFO - Sync 1 DAGs
[2025-04-04T20:06:11.005+0000] {logging_mixin.py:188} INFO - [2025-04-04T20:06:11.005+0000] {dag.py:3823} INFO - Setting next_dagrun for proyecto_bigdata to 2025-04-04 00:00:00+00:00, run_after=2025-04-05 00:00:00+00:00
[2025-04-04T20:06:11.026+0000] {processor.py:183} INFO - Processing /opt/airflow/dags/proyecto_bigdata_dag.py took 0.106 seconds
[2025-04-04T20:06:41.182+0000] {processor.py:161} INFO - Started process (PID=250) to work on /opt/airflow/dags/proyecto_bigdata_dag.py
[2025-04-04T20:06:41.184+0000] {processor.py:830} INFO - Processing file /opt/airflow/dags/proyecto_bigdata_dag.py for tasks to queue
[2025-04-04T20:06:41.185+0000] {logging_mixin.py:188} INFO - [2025-04-04T20:06:41.185+0000] {dagbag.py:538} INFO - Filling up the DagBag from /opt/airflow/dags/proyecto_bigdata_dag.py
[2025-04-04T20:06:41.227+0000] {processor.py:840} INFO - DAG(s) 'proyecto_bigdata' retrieved from /opt/airflow/dags/proyecto_bigdata_dag.py
[2025-04-04T20:06:41.252+0000] {logging_mixin.py:188} INFO - [2025-04-04T20:06:41.252+0000] {dag.py:3036} INFO - Sync 1 DAGs
[2025-04-04T20:06:41.274+0000] {logging_mixin.py:188} INFO - [2025-04-04T20:06:41.274+0000] {dag.py:3823} INFO - Setting next_dagrun for proyecto_bigdata to 2025-04-04 00:00:00+00:00, run_after=2025-04-05 00:00:00+00:00
[2025-04-04T20:06:41.295+0000] {processor.py:183} INFO - Processing /opt/airflow/dags/proyecto_bigdata_dag.py took 0.116 seconds
[2025-04-04T20:07:11.430+0000] {processor.py:161} INFO - Started process (PID=255) to work on /opt/airflow/dags/proyecto_bigdata_dag.py
[2025-04-04T20:07:11.431+0000] {processor.py:830} INFO - Processing file /opt/airflow/dags/proyecto_bigdata_dag.py for tasks to queue
[2025-04-04T20:07:11.432+0000] {logging_mixin.py:188} INFO - [2025-04-04T20:07:11.432+0000] {dagbag.py:538} INFO - Filling up the DagBag from /opt/airflow/dags/proyecto_bigdata_dag.py
[2025-04-04T20:07:11.471+0000] {processor.py:840} INFO - DAG(s) 'proyecto_bigdata' retrieved from /opt/airflow/dags/proyecto_bigdata_dag.py
[2025-04-04T20:07:11.493+0000] {logging_mixin.py:188} INFO - [2025-04-04T20:07:11.493+0000] {dag.py:3036} INFO - Sync 1 DAGs
[2025-04-04T20:07:11.512+0000] {logging_mixin.py:188} INFO - [2025-04-04T20:07:11.512+0000] {dag.py:3823} INFO - Setting next_dagrun for proyecto_bigdata to 2025-04-04 00:00:00+00:00, run_after=2025-04-05 00:00:00+00:00
[2025-04-04T20:07:11.531+0000] {processor.py:183} INFO - Processing /opt/airflow/dags/proyecto_bigdata_dag.py took 0.104 seconds
[2025-04-04T20:07:41.727+0000] {processor.py:161} INFO - Started process (PID=260) to work on /opt/airflow/dags/proyecto_bigdata_dag.py
[2025-04-04T20:07:41.728+0000] {processor.py:830} INFO - Processing file /opt/airflow/dags/proyecto_bigdata_dag.py for tasks to queue
[2025-04-04T20:07:41.730+0000] {logging_mixin.py:188} INFO - [2025-04-04T20:07:41.730+0000] {dagbag.py:538} INFO - Filling up the DagBag from /opt/airflow/dags/proyecto_bigdata_dag.py
[2025-04-04T20:07:41.771+0000] {processor.py:840} INFO - DAG(s) 'proyecto_bigdata' retrieved from /opt/airflow/dags/proyecto_bigdata_dag.py
[2025-04-04T20:07:41.795+0000] {logging_mixin.py:188} INFO - [2025-04-04T20:07:41.795+0000] {dag.py:3036} INFO - Sync 1 DAGs
[2025-04-04T20:07:41.816+0000] {logging_mixin.py:188} INFO - [2025-04-04T20:07:41.816+0000] {dag.py:3823} INFO - Setting next_dagrun for proyecto_bigdata to 2025-04-04 00:00:00+00:00, run_after=2025-04-05 00:00:00+00:00
[2025-04-04T20:07:41.838+0000] {processor.py:183} INFO - Processing /opt/airflow/dags/proyecto_bigdata_dag.py took 0.114 seconds
[2025-04-04T20:21:33.465+0000] {processor.py:161} INFO - Started process (PID=175) to work on /opt/airflow/dags/proyecto_bigdata_dag.py
[2025-04-04T20:21:33.469+0000] {processor.py:830} INFO - Processing file /opt/airflow/dags/proyecto_bigdata_dag.py for tasks to queue
[2025-04-04T20:21:33.472+0000] {logging_mixin.py:188} INFO - [2025-04-04T20:21:33.472+0000] {dagbag.py:538} INFO - Filling up the DagBag from /opt/airflow/dags/proyecto_bigdata_dag.py
[2025-04-04T20:21:33.551+0000] {processor.py:840} INFO - DAG(s) 'proyecto_bigdata' retrieved from /opt/airflow/dags/proyecto_bigdata_dag.py
[2025-04-04T20:21:33.803+0000] {logging_mixin.py:188} INFO - [2025-04-04T20:21:33.802+0000] {override.py:1769} INFO - Created Permission View: can delete on DAG:proyecto_bigdata
[2025-04-04T20:21:33.814+0000] {logging_mixin.py:188} INFO - [2025-04-04T20:21:33.813+0000] {override.py:1769} INFO - Created Permission View: can edit on DAG:proyecto_bigdata
[2025-04-04T20:21:33.823+0000] {logging_mixin.py:188} INFO - [2025-04-04T20:21:33.823+0000] {override.py:1769} INFO - Created Permission View: can read on DAG:proyecto_bigdata
[2025-04-04T20:21:33.824+0000] {logging_mixin.py:188} INFO - [2025-04-04T20:21:33.824+0000] {dag.py:3036} INFO - Sync 1 DAGs
[2025-04-04T20:21:33.841+0000] {logging_mixin.py:188} INFO - [2025-04-04T20:21:33.841+0000] {dag.py:3058} INFO - Creating ORM DAG for proyecto_bigdata
[2025-04-04T20:21:33.858+0000] {logging_mixin.py:188} INFO - [2025-04-04T20:21:33.858+0000] {dag.py:3823} INFO - Setting next_dagrun for proyecto_bigdata to 2025-04-03 00:00:00+00:00, run_after=2025-04-04 00:00:00+00:00
[2025-04-04T20:21:33.887+0000] {processor.py:183} INFO - Processing /opt/airflow/dags/proyecto_bigdata_dag.py took 0.431 seconds
[2025-04-04T20:22:04.223+0000] {processor.py:161} INFO - Started process (PID=180) to work on /opt/airflow/dags/proyecto_bigdata_dag.py
[2025-04-04T20:22:04.228+0000] {processor.py:830} INFO - Processing file /opt/airflow/dags/proyecto_bigdata_dag.py for tasks to queue
[2025-04-04T20:22:04.233+0000] {logging_mixin.py:188} INFO - [2025-04-04T20:22:04.232+0000] {dagbag.py:538} INFO - Filling up the DagBag from /opt/airflow/dags/proyecto_bigdata_dag.py
[2025-04-04T20:22:04.311+0000] {processor.py:840} INFO - DAG(s) 'proyecto_bigdata' retrieved from /opt/airflow/dags/proyecto_bigdata_dag.py
[2025-04-04T20:22:04.370+0000] {logging_mixin.py:188} INFO - [2025-04-04T20:22:04.370+0000] {dag.py:3036} INFO - Sync 1 DAGs
[2025-04-04T20:22:04.391+0000] {logging_mixin.py:188} INFO - [2025-04-04T20:22:04.391+0000] {dag.py:3823} INFO - Setting next_dagrun for proyecto_bigdata to 2025-04-03 00:00:00+00:00, run_after=2025-04-04 00:00:00+00:00
[2025-04-04T20:22:04.412+0000] {processor.py:183} INFO - Processing /opt/airflow/dags/proyecto_bigdata_dag.py took 0.202 seconds
[2025-04-04T20:22:34.528+0000] {processor.py:161} INFO - Started process (PID=185) to work on /opt/airflow/dags/proyecto_bigdata_dag.py
[2025-04-04T20:22:34.530+0000] {processor.py:830} INFO - Processing file /opt/airflow/dags/proyecto_bigdata_dag.py for tasks to queue
[2025-04-04T20:22:34.534+0000] {logging_mixin.py:188} INFO - [2025-04-04T20:22:34.533+0000] {dagbag.py:538} INFO - Filling up the DagBag from /opt/airflow/dags/proyecto_bigdata_dag.py
[2025-04-04T20:22:34.595+0000] {processor.py:840} INFO - DAG(s) 'proyecto_bigdata' retrieved from /opt/airflow/dags/proyecto_bigdata_dag.py
[2025-04-04T20:22:34.622+0000] {logging_mixin.py:188} INFO - [2025-04-04T20:22:34.622+0000] {dag.py:3036} INFO - Sync 1 DAGs
[2025-04-04T20:22:34.642+0000] {logging_mixin.py:188} INFO - [2025-04-04T20:22:34.641+0000] {dag.py:3823} INFO - Setting next_dagrun for proyecto_bigdata to 2025-04-03 00:00:00+00:00, run_after=2025-04-04 00:00:00+00:00
[2025-04-04T20:22:34.674+0000] {processor.py:183} INFO - Processing /opt/airflow/dags/proyecto_bigdata_dag.py took 0.150 seconds
[2025-04-04T20:23:04.817+0000] {processor.py:161} INFO - Started process (PID=190) to work on /opt/airflow/dags/proyecto_bigdata_dag.py
[2025-04-04T20:23:04.818+0000] {processor.py:830} INFO - Processing file /opt/airflow/dags/proyecto_bigdata_dag.py for tasks to queue
[2025-04-04T20:23:04.820+0000] {logging_mixin.py:188} INFO - [2025-04-04T20:23:04.819+0000] {dagbag.py:538} INFO - Filling up the DagBag from /opt/airflow/dags/proyecto_bigdata_dag.py
[2025-04-04T20:23:04.864+0000] {processor.py:840} INFO - DAG(s) 'proyecto_bigdata' retrieved from /opt/airflow/dags/proyecto_bigdata_dag.py
[2025-04-04T20:23:04.894+0000] {logging_mixin.py:188} INFO - [2025-04-04T20:23:04.894+0000] {dag.py:3036} INFO - Sync 1 DAGs
[2025-04-04T20:23:04.917+0000] {logging_mixin.py:188} INFO - [2025-04-04T20:23:04.917+0000] {dag.py:3823} INFO - Setting next_dagrun for proyecto_bigdata to 2025-04-03 00:00:00+00:00, run_after=2025-04-04 00:00:00+00:00
[2025-04-04T20:23:04.947+0000] {processor.py:183} INFO - Processing /opt/airflow/dags/proyecto_bigdata_dag.py took 0.133 seconds
[2025-04-04T20:23:35.269+0000] {processor.py:161} INFO - Started process (PID=195) to work on /opt/airflow/dags/proyecto_bigdata_dag.py
[2025-04-04T20:23:35.270+0000] {processor.py:830} INFO - Processing file /opt/airflow/dags/proyecto_bigdata_dag.py for tasks to queue
[2025-04-04T20:23:35.272+0000] {logging_mixin.py:188} INFO - [2025-04-04T20:23:35.271+0000] {dagbag.py:538} INFO - Filling up the DagBag from /opt/airflow/dags/proyecto_bigdata_dag.py
[2025-04-04T20:23:35.306+0000] {processor.py:840} INFO - DAG(s) 'proyecto_bigdata' retrieved from /opt/airflow/dags/proyecto_bigdata_dag.py
[2025-04-04T20:23:35.337+0000] {logging_mixin.py:188} INFO - [2025-04-04T20:23:35.337+0000] {dag.py:3036} INFO - Sync 1 DAGs
[2025-04-04T20:23:35.359+0000] {logging_mixin.py:188} INFO - [2025-04-04T20:23:35.359+0000] {dag.py:3823} INFO - Setting next_dagrun for proyecto_bigdata to 2025-04-03 00:00:00+00:00, run_after=2025-04-04 00:00:00+00:00
[2025-04-04T20:23:35.385+0000] {processor.py:183} INFO - Processing /opt/airflow/dags/proyecto_bigdata_dag.py took 0.120 seconds
[2025-04-04T20:24:05.617+0000] {processor.py:161} INFO - Started process (PID=200) to work on /opt/airflow/dags/proyecto_bigdata_dag.py
[2025-04-04T20:24:05.619+0000] {processor.py:830} INFO - Processing file /opt/airflow/dags/proyecto_bigdata_dag.py for tasks to queue
[2025-04-04T20:24:05.620+0000] {logging_mixin.py:188} INFO - [2025-04-04T20:24:05.620+0000] {dagbag.py:538} INFO - Filling up the DagBag from /opt/airflow/dags/proyecto_bigdata_dag.py
[2025-04-04T20:24:05.656+0000] {processor.py:840} INFO - DAG(s) 'proyecto_bigdata' retrieved from /opt/airflow/dags/proyecto_bigdata_dag.py
[2025-04-04T20:24:05.684+0000] {logging_mixin.py:188} INFO - [2025-04-04T20:24:05.684+0000] {dag.py:3036} INFO - Sync 1 DAGs
[2025-04-04T20:24:05.704+0000] {logging_mixin.py:188} INFO - [2025-04-04T20:24:05.704+0000] {dag.py:3823} INFO - Setting next_dagrun for proyecto_bigdata to 2025-04-03 00:00:00+00:00, run_after=2025-04-04 00:00:00+00:00
[2025-04-04T20:24:05.736+0000] {processor.py:183} INFO - Processing /opt/airflow/dags/proyecto_bigdata_dag.py took 0.123 seconds
[2025-04-04T20:24:35.996+0000] {processor.py:161} INFO - Started process (PID=205) to work on /opt/airflow/dags/proyecto_bigdata_dag.py
[2025-04-04T20:24:35.997+0000] {processor.py:830} INFO - Processing file /opt/airflow/dags/proyecto_bigdata_dag.py for tasks to queue
[2025-04-04T20:24:35.999+0000] {logging_mixin.py:188} INFO - [2025-04-04T20:24:35.998+0000] {dagbag.py:538} INFO - Filling up the DagBag from /opt/airflow/dags/proyecto_bigdata_dag.py
[2025-04-04T20:24:36.052+0000] {processor.py:840} INFO - DAG(s) 'proyecto_bigdata' retrieved from /opt/airflow/dags/proyecto_bigdata_dag.py
[2025-04-04T20:24:36.081+0000] {logging_mixin.py:188} INFO - [2025-04-04T20:24:36.081+0000] {dag.py:3036} INFO - Sync 1 DAGs
[2025-04-04T20:24:36.100+0000] {logging_mixin.py:188} INFO - [2025-04-04T20:24:36.100+0000] {dag.py:3823} INFO - Setting next_dagrun for proyecto_bigdata to 2025-04-03 00:00:00+00:00, run_after=2025-04-04 00:00:00+00:00
[2025-04-04T20:24:36.134+0000] {processor.py:183} INFO - Processing /opt/airflow/dags/proyecto_bigdata_dag.py took 0.142 seconds
[2025-04-04T20:25:06.327+0000] {processor.py:161} INFO - Started process (PID=210) to work on /opt/airflow/dags/proyecto_bigdata_dag.py
[2025-04-04T20:25:06.329+0000] {processor.py:830} INFO - Processing file /opt/airflow/dags/proyecto_bigdata_dag.py for tasks to queue
[2025-04-04T20:25:06.331+0000] {logging_mixin.py:188} INFO - [2025-04-04T20:25:06.330+0000] {dagbag.py:538} INFO - Filling up the DagBag from /opt/airflow/dags/proyecto_bigdata_dag.py
[2025-04-04T20:25:06.382+0000] {processor.py:840} INFO - DAG(s) 'proyecto_bigdata' retrieved from /opt/airflow/dags/proyecto_bigdata_dag.py
[2025-04-04T20:25:06.414+0000] {logging_mixin.py:188} INFO - [2025-04-04T20:25:06.414+0000] {dag.py:3036} INFO - Sync 1 DAGs
[2025-04-04T20:25:06.439+0000] {logging_mixin.py:188} INFO - [2025-04-04T20:25:06.438+0000] {dag.py:3823} INFO - Setting next_dagrun for proyecto_bigdata to 2025-04-03 00:00:00+00:00, run_after=2025-04-04 00:00:00+00:00
[2025-04-04T20:25:06.471+0000] {processor.py:183} INFO - Processing /opt/airflow/dags/proyecto_bigdata_dag.py took 0.148 seconds
[2025-04-04T20:25:36.724+0000] {processor.py:161} INFO - Started process (PID=215) to work on /opt/airflow/dags/proyecto_bigdata_dag.py
[2025-04-04T20:25:36.726+0000] {processor.py:830} INFO - Processing file /opt/airflow/dags/proyecto_bigdata_dag.py for tasks to queue
[2025-04-04T20:25:36.728+0000] {logging_mixin.py:188} INFO - [2025-04-04T20:25:36.728+0000] {dagbag.py:538} INFO - Filling up the DagBag from /opt/airflow/dags/proyecto_bigdata_dag.py
[2025-04-04T20:25:36.792+0000] {processor.py:840} INFO - DAG(s) 'proyecto_bigdata' retrieved from /opt/airflow/dags/proyecto_bigdata_dag.py
[2025-04-04T20:25:36.821+0000] {logging_mixin.py:188} INFO - [2025-04-04T20:25:36.820+0000] {dag.py:3036} INFO - Sync 1 DAGs
[2025-04-04T20:25:36.842+0000] {logging_mixin.py:188} INFO - [2025-04-04T20:25:36.841+0000] {dag.py:3823} INFO - Setting next_dagrun for proyecto_bigdata to 2025-04-03 00:00:00+00:00, run_after=2025-04-04 00:00:00+00:00
[2025-04-04T20:25:36.864+0000] {processor.py:183} INFO - Processing /opt/airflow/dags/proyecto_bigdata_dag.py took 0.147 seconds
[2025-04-04T20:26:07.101+0000] {processor.py:161} INFO - Started process (PID=220) to work on /opt/airflow/dags/proyecto_bigdata_dag.py
[2025-04-04T20:26:07.102+0000] {processor.py:830} INFO - Processing file /opt/airflow/dags/proyecto_bigdata_dag.py for tasks to queue
[2025-04-04T20:26:07.103+0000] {logging_mixin.py:188} INFO - [2025-04-04T20:26:07.103+0000] {dagbag.py:538} INFO - Filling up the DagBag from /opt/airflow/dags/proyecto_bigdata_dag.py
[2025-04-04T20:26:07.134+0000] {processor.py:840} INFO - DAG(s) 'proyecto_bigdata' retrieved from /opt/airflow/dags/proyecto_bigdata_dag.py
[2025-04-04T20:26:07.161+0000] {logging_mixin.py:188} INFO - [2025-04-04T20:26:07.161+0000] {dag.py:3036} INFO - Sync 1 DAGs
[2025-04-04T20:26:07.182+0000] {logging_mixin.py:188} INFO - [2025-04-04T20:26:07.181+0000] {dag.py:3823} INFO - Setting next_dagrun for proyecto_bigdata to 2025-04-03 00:00:00+00:00, run_after=2025-04-04 00:00:00+00:00
[2025-04-04T20:26:07.208+0000] {processor.py:183} INFO - Processing /opt/airflow/dags/proyecto_bigdata_dag.py took 0.110 seconds
[2025-04-04T20:26:37.530+0000] {processor.py:161} INFO - Started process (PID=225) to work on /opt/airflow/dags/proyecto_bigdata_dag.py
[2025-04-04T20:26:37.531+0000] {processor.py:830} INFO - Processing file /opt/airflow/dags/proyecto_bigdata_dag.py for tasks to queue
[2025-04-04T20:26:37.532+0000] {logging_mixin.py:188} INFO - [2025-04-04T20:26:37.531+0000] {dagbag.py:538} INFO - Filling up the DagBag from /opt/airflow/dags/proyecto_bigdata_dag.py
[2025-04-04T20:26:37.573+0000] {processor.py:840} INFO - DAG(s) 'proyecto_bigdata' retrieved from /opt/airflow/dags/proyecto_bigdata_dag.py
[2025-04-04T20:26:37.599+0000] {logging_mixin.py:188} INFO - [2025-04-04T20:26:37.599+0000] {dag.py:3036} INFO - Sync 1 DAGs
[2025-04-04T20:26:37.620+0000] {logging_mixin.py:188} INFO - [2025-04-04T20:26:37.619+0000] {dag.py:3823} INFO - Setting next_dagrun for proyecto_bigdata to 2025-04-03 00:00:00+00:00, run_after=2025-04-04 00:00:00+00:00
[2025-04-04T20:26:37.641+0000] {processor.py:183} INFO - Processing /opt/airflow/dags/proyecto_bigdata_dag.py took 0.114 seconds
[2025-04-04T20:27:07.868+0000] {processor.py:161} INFO - Started process (PID=230) to work on /opt/airflow/dags/proyecto_bigdata_dag.py
[2025-04-04T20:27:07.870+0000] {processor.py:830} INFO - Processing file /opt/airflow/dags/proyecto_bigdata_dag.py for tasks to queue
[2025-04-04T20:27:07.871+0000] {logging_mixin.py:188} INFO - [2025-04-04T20:27:07.871+0000] {dagbag.py:538} INFO - Filling up the DagBag from /opt/airflow/dags/proyecto_bigdata_dag.py
[2025-04-04T20:27:07.919+0000] {processor.py:840} INFO - DAG(s) 'proyecto_bigdata' retrieved from /opt/airflow/dags/proyecto_bigdata_dag.py
[2025-04-04T20:27:07.951+0000] {logging_mixin.py:188} INFO - [2025-04-04T20:27:07.951+0000] {dag.py:3036} INFO - Sync 1 DAGs
[2025-04-04T20:27:07.978+0000] {logging_mixin.py:188} INFO - [2025-04-04T20:27:07.978+0000] {dag.py:3823} INFO - Setting next_dagrun for proyecto_bigdata to 2025-04-03 00:00:00+00:00, run_after=2025-04-04 00:00:00+00:00
[2025-04-04T20:27:08.003+0000] {processor.py:183} INFO - Processing /opt/airflow/dags/proyecto_bigdata_dag.py took 0.137 seconds
[2025-04-04T20:27:38.221+0000] {processor.py:161} INFO - Started process (PID=235) to work on /opt/airflow/dags/proyecto_bigdata_dag.py
[2025-04-04T20:27:38.222+0000] {processor.py:830} INFO - Processing file /opt/airflow/dags/proyecto_bigdata_dag.py for tasks to queue
[2025-04-04T20:27:38.224+0000] {logging_mixin.py:188} INFO - [2025-04-04T20:27:38.223+0000] {dagbag.py:538} INFO - Filling up the DagBag from /opt/airflow/dags/proyecto_bigdata_dag.py
[2025-04-04T20:27:38.265+0000] {processor.py:840} INFO - DAG(s) 'proyecto_bigdata' retrieved from /opt/airflow/dags/proyecto_bigdata_dag.py
[2025-04-04T20:27:38.290+0000] {logging_mixin.py:188} INFO - [2025-04-04T20:27:38.290+0000] {dag.py:3036} INFO - Sync 1 DAGs
[2025-04-04T20:27:38.318+0000] {logging_mixin.py:188} INFO - [2025-04-04T20:27:38.318+0000] {dag.py:3823} INFO - Setting next_dagrun for proyecto_bigdata to 2025-04-03 00:00:00+00:00, run_after=2025-04-04 00:00:00+00:00
[2025-04-04T20:27:38.355+0000] {processor.py:183} INFO - Processing /opt/airflow/dags/proyecto_bigdata_dag.py took 0.137 seconds
[2025-04-04T20:28:08.614+0000] {processor.py:161} INFO - Started process (PID=240) to work on /opt/airflow/dags/proyecto_bigdata_dag.py
[2025-04-04T20:28:08.615+0000] {processor.py:830} INFO - Processing file /opt/airflow/dags/proyecto_bigdata_dag.py for tasks to queue
[2025-04-04T20:28:08.617+0000] {logging_mixin.py:188} INFO - [2025-04-04T20:28:08.616+0000] {dagbag.py:538} INFO - Filling up the DagBag from /opt/airflow/dags/proyecto_bigdata_dag.py
[2025-04-04T20:28:08.660+0000] {processor.py:840} INFO - DAG(s) 'proyecto_bigdata' retrieved from /opt/airflow/dags/proyecto_bigdata_dag.py
[2025-04-04T20:28:08.690+0000] {logging_mixin.py:188} INFO - [2025-04-04T20:28:08.690+0000] {dag.py:3036} INFO - Sync 1 DAGs
[2025-04-04T20:28:08.716+0000] {logging_mixin.py:188} INFO - [2025-04-04T20:28:08.716+0000] {dag.py:3823} INFO - Setting next_dagrun for proyecto_bigdata to 2025-04-03 00:00:00+00:00, run_after=2025-04-04 00:00:00+00:00
[2025-04-04T20:28:08.739+0000] {processor.py:183} INFO - Processing /opt/airflow/dags/proyecto_bigdata_dag.py took 0.128 seconds
[2025-04-04T20:28:38.953+0000] {processor.py:161} INFO - Started process (PID=245) to work on /opt/airflow/dags/proyecto_bigdata_dag.py
[2025-04-04T20:28:38.954+0000] {processor.py:830} INFO - Processing file /opt/airflow/dags/proyecto_bigdata_dag.py for tasks to queue
[2025-04-04T20:28:38.955+0000] {logging_mixin.py:188} INFO - [2025-04-04T20:28:38.955+0000] {dagbag.py:538} INFO - Filling up the DagBag from /opt/airflow/dags/proyecto_bigdata_dag.py
[2025-04-04T20:28:38.982+0000] {processor.py:840} INFO - DAG(s) 'proyecto_bigdata' retrieved from /opt/airflow/dags/proyecto_bigdata_dag.py
[2025-04-04T20:28:39.006+0000] {logging_mixin.py:188} INFO - [2025-04-04T20:28:39.006+0000] {dag.py:3036} INFO - Sync 1 DAGs
[2025-04-04T20:28:39.025+0000] {logging_mixin.py:188} INFO - [2025-04-04T20:28:39.025+0000] {dag.py:3823} INFO - Setting next_dagrun for proyecto_bigdata to 2025-04-03 00:00:00+00:00, run_after=2025-04-04 00:00:00+00:00
[2025-04-04T20:28:39.043+0000] {processor.py:183} INFO - Processing /opt/airflow/dags/proyecto_bigdata_dag.py took 0.092 seconds
[2025-04-04T20:29:09.288+0000] {processor.py:161} INFO - Started process (PID=250) to work on /opt/airflow/dags/proyecto_bigdata_dag.py
[2025-04-04T20:29:09.290+0000] {processor.py:830} INFO - Processing file /opt/airflow/dags/proyecto_bigdata_dag.py for tasks to queue
[2025-04-04T20:29:09.291+0000] {logging_mixin.py:188} INFO - [2025-04-04T20:29:09.291+0000] {dagbag.py:538} INFO - Filling up the DagBag from /opt/airflow/dags/proyecto_bigdata_dag.py
[2025-04-04T20:29:09.341+0000] {processor.py:840} INFO - DAG(s) 'proyecto_bigdata' retrieved from /opt/airflow/dags/proyecto_bigdata_dag.py
[2025-04-04T20:29:09.366+0000] {logging_mixin.py:188} INFO - [2025-04-04T20:29:09.366+0000] {dag.py:3036} INFO - Sync 1 DAGs
[2025-04-04T20:29:09.386+0000] {logging_mixin.py:188} INFO - [2025-04-04T20:29:09.386+0000] {dag.py:3823} INFO - Setting next_dagrun for proyecto_bigdata to 2025-04-03 00:00:00+00:00, run_after=2025-04-04 00:00:00+00:00
[2025-04-04T20:29:09.413+0000] {processor.py:183} INFO - Processing /opt/airflow/dags/proyecto_bigdata_dag.py took 0.127 seconds
[2025-04-04T20:29:39.621+0000] {processor.py:161} INFO - Started process (PID=255) to work on /opt/airflow/dags/proyecto_bigdata_dag.py
[2025-04-04T20:29:39.622+0000] {processor.py:830} INFO - Processing file /opt/airflow/dags/proyecto_bigdata_dag.py for tasks to queue
[2025-04-04T20:29:39.623+0000] {logging_mixin.py:188} INFO - [2025-04-04T20:29:39.622+0000] {dagbag.py:538} INFO - Filling up the DagBag from /opt/airflow/dags/proyecto_bigdata_dag.py
[2025-04-04T20:29:39.659+0000] {processor.py:840} INFO - DAG(s) 'proyecto_bigdata' retrieved from /opt/airflow/dags/proyecto_bigdata_dag.py
[2025-04-04T20:29:39.684+0000] {logging_mixin.py:188} INFO - [2025-04-04T20:29:39.684+0000] {dag.py:3036} INFO - Sync 1 DAGs
[2025-04-04T20:29:39.703+0000] {logging_mixin.py:188} INFO - [2025-04-04T20:29:39.702+0000] {dag.py:3823} INFO - Setting next_dagrun for proyecto_bigdata to 2025-04-03 00:00:00+00:00, run_after=2025-04-04 00:00:00+00:00
[2025-04-04T20:29:39.725+0000] {processor.py:183} INFO - Processing /opt/airflow/dags/proyecto_bigdata_dag.py took 0.107 seconds
[2025-04-04T20:34:50.834+0000] {processor.py:161} INFO - Started process (PID=262) to work on /opt/airflow/dags/proyecto_bigdata_dag.py
[2025-04-04T20:34:50.836+0000] {processor.py:830} INFO - Processing file /opt/airflow/dags/proyecto_bigdata_dag.py for tasks to queue
[2025-04-04T20:34:50.838+0000] {logging_mixin.py:188} INFO - [2025-04-04T20:34:50.837+0000] {dagbag.py:538} INFO - Filling up the DagBag from /opt/airflow/dags/proyecto_bigdata_dag.py
[2025-04-04T20:34:50.888+0000] {processor.py:840} INFO - DAG(s) 'proyecto_bigdata' retrieved from /opt/airflow/dags/proyecto_bigdata_dag.py
[2025-04-04T20:34:50.924+0000] {logging_mixin.py:188} INFO - [2025-04-04T20:34:50.923+0000] {dag.py:3036} INFO - Sync 1 DAGs
[2025-04-04T20:34:50.946+0000] {logging_mixin.py:188} INFO - [2025-04-04T20:34:50.945+0000] {dag.py:3823} INFO - Setting next_dagrun for proyecto_bigdata to 2025-04-03 00:00:00+00:00, run_after=2025-04-04 00:00:00+00:00
[2025-04-04T20:34:50.971+0000] {processor.py:183} INFO - Processing /opt/airflow/dags/proyecto_bigdata_dag.py took 0.139 seconds
[2025-04-04T20:35:21.118+0000] {processor.py:161} INFO - Started process (PID=267) to work on /opt/airflow/dags/proyecto_bigdata_dag.py
[2025-04-04T20:35:21.120+0000] {processor.py:830} INFO - Processing file /opt/airflow/dags/proyecto_bigdata_dag.py for tasks to queue
[2025-04-04T20:35:21.122+0000] {logging_mixin.py:188} INFO - [2025-04-04T20:35:21.121+0000] {dagbag.py:538} INFO - Filling up the DagBag from /opt/airflow/dags/proyecto_bigdata_dag.py
[2025-04-04T20:35:21.157+0000] {processor.py:840} INFO - DAG(s) 'proyecto_bigdata' retrieved from /opt/airflow/dags/proyecto_bigdata_dag.py
[2025-04-04T20:35:21.199+0000] {logging_mixin.py:188} INFO - [2025-04-04T20:35:21.199+0000] {dag.py:3036} INFO - Sync 1 DAGs
[2025-04-04T20:35:21.231+0000] {logging_mixin.py:188} INFO - [2025-04-04T20:35:21.230+0000] {dag.py:3823} INFO - Setting next_dagrun for proyecto_bigdata to 2025-04-03 00:00:00+00:00, run_after=2025-04-04 00:00:00+00:00
[2025-04-04T20:35:21.255+0000] {processor.py:183} INFO - Processing /opt/airflow/dags/proyecto_bigdata_dag.py took 0.144 seconds
[2025-04-04T20:35:51.596+0000] {processor.py:161} INFO - Started process (PID=272) to work on /opt/airflow/dags/proyecto_bigdata_dag.py
[2025-04-04T20:35:51.597+0000] {processor.py:830} INFO - Processing file /opt/airflow/dags/proyecto_bigdata_dag.py for tasks to queue
[2025-04-04T20:35:51.599+0000] {logging_mixin.py:188} INFO - [2025-04-04T20:35:51.599+0000] {dagbag.py:538} INFO - Filling up the DagBag from /opt/airflow/dags/proyecto_bigdata_dag.py
[2025-04-04T20:35:51.650+0000] {processor.py:840} INFO - DAG(s) 'proyecto_bigdata' retrieved from /opt/airflow/dags/proyecto_bigdata_dag.py
[2025-04-04T20:35:51.679+0000] {logging_mixin.py:188} INFO - [2025-04-04T20:35:51.679+0000] {dag.py:3036} INFO - Sync 1 DAGs
[2025-04-04T20:35:51.702+0000] {logging_mixin.py:188} INFO - [2025-04-04T20:35:51.702+0000] {dag.py:3823} INFO - Setting next_dagrun for proyecto_bigdata to 2025-04-03 00:00:00+00:00, run_after=2025-04-04 00:00:00+00:00
[2025-04-04T20:35:51.726+0000] {processor.py:183} INFO - Processing /opt/airflow/dags/proyecto_bigdata_dag.py took 0.133 seconds
[2025-04-04T20:36:21.895+0000] {processor.py:161} INFO - Started process (PID=277) to work on /opt/airflow/dags/proyecto_bigdata_dag.py
[2025-04-04T20:36:21.897+0000] {processor.py:830} INFO - Processing file /opt/airflow/dags/proyecto_bigdata_dag.py for tasks to queue
[2025-04-04T20:36:21.898+0000] {logging_mixin.py:188} INFO - [2025-04-04T20:36:21.898+0000] {dagbag.py:538} INFO - Filling up the DagBag from /opt/airflow/dags/proyecto_bigdata_dag.py
[2025-04-04T20:36:21.936+0000] {processor.py:840} INFO - DAG(s) 'proyecto_bigdata' retrieved from /opt/airflow/dags/proyecto_bigdata_dag.py
[2025-04-04T20:36:21.967+0000] {logging_mixin.py:188} INFO - [2025-04-04T20:36:21.967+0000] {dag.py:3036} INFO - Sync 1 DAGs
[2025-04-04T20:36:21.989+0000] {logging_mixin.py:188} INFO - [2025-04-04T20:36:21.988+0000] {dag.py:3823} INFO - Setting next_dagrun for proyecto_bigdata to 2025-04-03 00:00:00+00:00, run_after=2025-04-04 00:00:00+00:00
[2025-04-04T20:36:22.009+0000] {processor.py:183} INFO - Processing /opt/airflow/dags/proyecto_bigdata_dag.py took 0.116 seconds
[2025-04-04T20:36:52.277+0000] {processor.py:161} INFO - Started process (PID=282) to work on /opt/airflow/dags/proyecto_bigdata_dag.py
[2025-04-04T20:36:52.281+0000] {processor.py:830} INFO - Processing file /opt/airflow/dags/proyecto_bigdata_dag.py for tasks to queue
[2025-04-04T20:36:52.284+0000] {logging_mixin.py:188} INFO - [2025-04-04T20:36:52.283+0000] {dagbag.py:538} INFO - Filling up the DagBag from /opt/airflow/dags/proyecto_bigdata_dag.py
[2025-04-04T20:36:52.366+0000] {processor.py:840} INFO - DAG(s) 'proyecto_bigdata' retrieved from /opt/airflow/dags/proyecto_bigdata_dag.py
[2025-04-04T20:36:52.430+0000] {logging_mixin.py:188} INFO - [2025-04-04T20:36:52.430+0000] {dag.py:3036} INFO - Sync 1 DAGs
[2025-04-04T20:36:52.472+0000] {logging_mixin.py:188} INFO - [2025-04-04T20:36:52.472+0000] {dag.py:3823} INFO - Setting next_dagrun for proyecto_bigdata to 2025-04-03 00:00:00+00:00, run_after=2025-04-04 00:00:00+00:00
[2025-04-04T20:36:52.505+0000] {processor.py:183} INFO - Processing /opt/airflow/dags/proyecto_bigdata_dag.py took 0.238 seconds
[2025-04-04T20:37:22.801+0000] {processor.py:161} INFO - Started process (PID=287) to work on /opt/airflow/dags/proyecto_bigdata_dag.py
[2025-04-04T20:37:22.803+0000] {processor.py:830} INFO - Processing file /opt/airflow/dags/proyecto_bigdata_dag.py for tasks to queue
[2025-04-04T20:37:22.805+0000] {logging_mixin.py:188} INFO - [2025-04-04T20:37:22.805+0000] {dagbag.py:538} INFO - Filling up the DagBag from /opt/airflow/dags/proyecto_bigdata_dag.py
[2025-04-04T20:37:22.869+0000] {processor.py:840} INFO - DAG(s) 'proyecto_bigdata' retrieved from /opt/airflow/dags/proyecto_bigdata_dag.py
[2025-04-04T20:37:22.913+0000] {logging_mixin.py:188} INFO - [2025-04-04T20:37:22.913+0000] {dag.py:3036} INFO - Sync 1 DAGs
[2025-04-04T20:37:22.951+0000] {logging_mixin.py:188} INFO - [2025-04-04T20:37:22.951+0000] {dag.py:3823} INFO - Setting next_dagrun for proyecto_bigdata to 2025-04-03 00:00:00+00:00, run_after=2025-04-04 00:00:00+00:00
[2025-04-04T20:37:22.988+0000] {processor.py:183} INFO - Processing /opt/airflow/dags/proyecto_bigdata_dag.py took 0.193 seconds
[2025-04-04T20:45:42.851+0000] {processor.py:161} INFO - Started process (PID=178) to work on /opt/airflow/dags/proyecto_bigdata_dag.py
[2025-04-04T20:45:42.853+0000] {processor.py:830} INFO - Processing file /opt/airflow/dags/proyecto_bigdata_dag.py for tasks to queue
[2025-04-04T20:45:42.854+0000] {logging_mixin.py:188} INFO - [2025-04-04T20:45:42.854+0000] {dagbag.py:538} INFO - Filling up the DagBag from /opt/airflow/dags/proyecto_bigdata_dag.py
[2025-04-04T20:45:42.908+0000] {processor.py:840} INFO - DAG(s) 'proyecto_bigdata' retrieved from /opt/airflow/dags/proyecto_bigdata_dag.py
[2025-04-04T20:45:43.117+0000] {logging_mixin.py:188} INFO - [2025-04-04T20:45:43.117+0000] {override.py:1769} INFO - Created Permission View: can edit on DAG:proyecto_bigdata
[2025-04-04T20:45:43.129+0000] {logging_mixin.py:188} INFO - [2025-04-04T20:45:43.128+0000] {override.py:1769} INFO - Created Permission View: can read on DAG:proyecto_bigdata
[2025-04-04T20:45:43.136+0000] {logging_mixin.py:188} INFO - [2025-04-04T20:45:43.136+0000] {override.py:1769} INFO - Created Permission View: can delete on DAG:proyecto_bigdata
[2025-04-04T20:45:43.137+0000] {logging_mixin.py:188} INFO - [2025-04-04T20:45:43.136+0000] {dag.py:3036} INFO - Sync 1 DAGs
[2025-04-04T20:45:43.148+0000] {logging_mixin.py:188} INFO - [2025-04-04T20:45:43.147+0000] {dag.py:3058} INFO - Creating ORM DAG for proyecto_bigdata
[2025-04-04T20:45:43.161+0000] {logging_mixin.py:188} INFO - [2025-04-04T20:45:43.161+0000] {dag.py:3823} INFO - Setting next_dagrun for proyecto_bigdata to 2025-04-03 00:00:00+00:00, run_after=2025-04-04 00:00:00+00:00
[2025-04-04T20:45:43.182+0000] {processor.py:183} INFO - Processing /opt/airflow/dags/proyecto_bigdata_dag.py took 0.335 seconds
[2025-04-04T20:46:13.274+0000] {processor.py:161} INFO - Started process (PID=186) to work on /opt/airflow/dags/proyecto_bigdata_dag.py
[2025-04-04T20:46:13.276+0000] {processor.py:830} INFO - Processing file /opt/airflow/dags/proyecto_bigdata_dag.py for tasks to queue
[2025-04-04T20:46:13.277+0000] {logging_mixin.py:188} INFO - [2025-04-04T20:46:13.277+0000] {dagbag.py:538} INFO - Filling up the DagBag from /opt/airflow/dags/proyecto_bigdata_dag.py
[2025-04-04T20:46:13.327+0000] {processor.py:840} INFO - DAG(s) 'proyecto_bigdata' retrieved from /opt/airflow/dags/proyecto_bigdata_dag.py
[2025-04-04T20:46:13.370+0000] {logging_mixin.py:188} INFO - [2025-04-04T20:46:13.370+0000] {dag.py:3036} INFO - Sync 1 DAGs
[2025-04-04T20:46:13.402+0000] {logging_mixin.py:188} INFO - [2025-04-04T20:46:13.402+0000] {dag.py:3823} INFO - Setting next_dagrun for proyecto_bigdata to 2025-04-03 00:00:00+00:00, run_after=2025-04-04 00:00:00+00:00
[2025-04-04T20:46:13.428+0000] {processor.py:183} INFO - Processing /opt/airflow/dags/proyecto_bigdata_dag.py took 0.159 seconds
[2025-04-04T20:46:43.828+0000] {processor.py:161} INFO - Started process (PID=197) to work on /opt/airflow/dags/proyecto_bigdata_dag.py
[2025-04-04T20:46:43.829+0000] {processor.py:830} INFO - Processing file /opt/airflow/dags/proyecto_bigdata_dag.py for tasks to queue
[2025-04-04T20:46:43.830+0000] {logging_mixin.py:188} INFO - [2025-04-04T20:46:43.830+0000] {dagbag.py:538} INFO - Filling up the DagBag from /opt/airflow/dags/proyecto_bigdata_dag.py
[2025-04-04T20:46:43.876+0000] {processor.py:840} INFO - DAG(s) 'proyecto_bigdata' retrieved from /opt/airflow/dags/proyecto_bigdata_dag.py
[2025-04-04T20:46:43.912+0000] {logging_mixin.py:188} INFO - [2025-04-04T20:46:43.911+0000] {dag.py:3036} INFO - Sync 1 DAGs
[2025-04-04T20:46:43.932+0000] {logging_mixin.py:188} INFO - [2025-04-04T20:46:43.932+0000] {dag.py:3823} INFO - Setting next_dagrun for proyecto_bigdata to 2025-04-03 00:00:00+00:00, run_after=2025-04-04 00:00:00+00:00
[2025-04-04T20:46:43.965+0000] {processor.py:183} INFO - Processing /opt/airflow/dags/proyecto_bigdata_dag.py took 0.140 seconds
[2025-04-04T20:47:14.389+0000] {processor.py:161} INFO - Started process (PID=208) to work on /opt/airflow/dags/proyecto_bigdata_dag.py
[2025-04-04T20:47:14.390+0000] {processor.py:830} INFO - Processing file /opt/airflow/dags/proyecto_bigdata_dag.py for tasks to queue
[2025-04-04T20:47:14.392+0000] {logging_mixin.py:188} INFO - [2025-04-04T20:47:14.392+0000] {dagbag.py:538} INFO - Filling up the DagBag from /opt/airflow/dags/proyecto_bigdata_dag.py
[2025-04-04T20:47:14.429+0000] {processor.py:840} INFO - DAG(s) 'proyecto_bigdata' retrieved from /opt/airflow/dags/proyecto_bigdata_dag.py
[2025-04-04T20:47:14.456+0000] {logging_mixin.py:188} INFO - [2025-04-04T20:47:14.456+0000] {dag.py:3036} INFO - Sync 1 DAGs
[2025-04-04T20:47:14.477+0000] {logging_mixin.py:188} INFO - [2025-04-04T20:47:14.477+0000] {dag.py:3823} INFO - Setting next_dagrun for proyecto_bigdata to 2025-04-03 00:00:00+00:00, run_after=2025-04-04 00:00:00+00:00
[2025-04-04T20:47:14.498+0000] {processor.py:183} INFO - Processing /opt/airflow/dags/proyecto_bigdata_dag.py took 0.112 seconds
[2025-04-04T20:52:20.676+0000] {processor.py:161} INFO - Started process (PID=178) to work on /opt/airflow/dags/proyecto_bigdata_dag.py
[2025-04-04T20:52:20.677+0000] {processor.py:830} INFO - Processing file /opt/airflow/dags/proyecto_bigdata_dag.py for tasks to queue
[2025-04-04T20:52:20.679+0000] {logging_mixin.py:188} INFO - [2025-04-04T20:52:20.679+0000] {dagbag.py:538} INFO - Filling up the DagBag from /opt/airflow/dags/proyecto_bigdata_dag.py
[2025-04-04T20:52:20.726+0000] {processor.py:840} INFO - DAG(s) 'proyecto_bigdata' retrieved from /opt/airflow/dags/proyecto_bigdata_dag.py
[2025-04-04T20:52:20.766+0000] {logging_mixin.py:188} INFO - [2025-04-04T20:52:20.766+0000] {dag.py:3036} INFO - Sync 1 DAGs
[2025-04-04T20:52:20.787+0000] {logging_mixin.py:188} INFO - [2025-04-04T20:52:20.786+0000] {dag.py:3823} INFO - Setting next_dagrun for proyecto_bigdata to 2025-04-03 00:00:00+00:00, run_after=2025-04-04 00:00:00+00:00
[2025-04-04T20:52:20.829+0000] {processor.py:183} INFO - Processing /opt/airflow/dags/proyecto_bigdata_dag.py took 0.156 seconds
[2025-04-04T20:52:51.239+0000] {processor.py:161} INFO - Started process (PID=189) to work on /opt/airflow/dags/proyecto_bigdata_dag.py
[2025-04-04T20:52:51.240+0000] {processor.py:830} INFO - Processing file /opt/airflow/dags/proyecto_bigdata_dag.py for tasks to queue
[2025-04-04T20:52:51.241+0000] {logging_mixin.py:188} INFO - [2025-04-04T20:52:51.241+0000] {dagbag.py:538} INFO - Filling up the DagBag from /opt/airflow/dags/proyecto_bigdata_dag.py
[2025-04-04T20:52:51.270+0000] {processor.py:840} INFO - DAG(s) 'proyecto_bigdata' retrieved from /opt/airflow/dags/proyecto_bigdata_dag.py
[2025-04-04T20:52:51.300+0000] {logging_mixin.py:188} INFO - [2025-04-04T20:52:51.300+0000] {dag.py:3036} INFO - Sync 1 DAGs
[2025-04-04T20:52:51.323+0000] {logging_mixin.py:188} INFO - [2025-04-04T20:52:51.323+0000] {dag.py:3823} INFO - Setting next_dagrun for proyecto_bigdata to 2025-04-03 00:00:00+00:00, run_after=2025-04-04 00:00:00+00:00
[2025-04-04T20:52:51.354+0000] {processor.py:183} INFO - Processing /opt/airflow/dags/proyecto_bigdata_dag.py took 0.117 seconds
[2025-04-04T20:53:21.765+0000] {processor.py:161} INFO - Started process (PID=200) to work on /opt/airflow/dags/proyecto_bigdata_dag.py
[2025-04-04T20:53:21.766+0000] {processor.py:830} INFO - Processing file /opt/airflow/dags/proyecto_bigdata_dag.py for tasks to queue
[2025-04-04T20:53:21.768+0000] {logging_mixin.py:188} INFO - [2025-04-04T20:53:21.767+0000] {dagbag.py:538} INFO - Filling up the DagBag from /opt/airflow/dags/proyecto_bigdata_dag.py
[2025-04-04T20:53:21.799+0000] {processor.py:840} INFO - DAG(s) 'proyecto_bigdata' retrieved from /opt/airflow/dags/proyecto_bigdata_dag.py
[2025-04-04T20:53:21.824+0000] {logging_mixin.py:188} INFO - [2025-04-04T20:53:21.824+0000] {dag.py:3036} INFO - Sync 1 DAGs
[2025-04-04T20:53:21.845+0000] {logging_mixin.py:188} INFO - [2025-04-04T20:53:21.845+0000] {dag.py:3823} INFO - Setting next_dagrun for proyecto_bigdata to 2025-04-03 00:00:00+00:00, run_after=2025-04-04 00:00:00+00:00
[2025-04-04T20:53:21.871+0000] {processor.py:183} INFO - Processing /opt/airflow/dags/proyecto_bigdata_dag.py took 0.109 seconds
[2025-04-04T20:53:52.315+0000] {processor.py:161} INFO - Started process (PID=211) to work on /opt/airflow/dags/proyecto_bigdata_dag.py
[2025-04-04T20:53:52.317+0000] {processor.py:830} INFO - Processing file /opt/airflow/dags/proyecto_bigdata_dag.py for tasks to queue
[2025-04-04T20:53:52.318+0000] {logging_mixin.py:188} INFO - [2025-04-04T20:53:52.318+0000] {dagbag.py:538} INFO - Filling up the DagBag from /opt/airflow/dags/proyecto_bigdata_dag.py
[2025-04-04T20:53:52.364+0000] {processor.py:840} INFO - DAG(s) 'proyecto_bigdata' retrieved from /opt/airflow/dags/proyecto_bigdata_dag.py
[2025-04-04T20:53:52.389+0000] {logging_mixin.py:188} INFO - [2025-04-04T20:53:52.389+0000] {dag.py:3036} INFO - Sync 1 DAGs
[2025-04-04T20:53:52.411+0000] {logging_mixin.py:188} INFO - [2025-04-04T20:53:52.411+0000] {dag.py:3823} INFO - Setting next_dagrun for proyecto_bigdata to 2025-04-03 00:00:00+00:00, run_after=2025-04-04 00:00:00+00:00
[2025-04-04T20:53:52.442+0000] {processor.py:183} INFO - Processing /opt/airflow/dags/proyecto_bigdata_dag.py took 0.129 seconds
[2025-04-04T20:54:22.868+0000] {processor.py:161} INFO - Started process (PID=222) to work on /opt/airflow/dags/proyecto_bigdata_dag.py
[2025-04-04T20:54:22.869+0000] {processor.py:830} INFO - Processing file /opt/airflow/dags/proyecto_bigdata_dag.py for tasks to queue
[2025-04-04T20:54:22.870+0000] {logging_mixin.py:188} INFO - [2025-04-04T20:54:22.870+0000] {dagbag.py:538} INFO - Filling up the DagBag from /opt/airflow/dags/proyecto_bigdata_dag.py
[2025-04-04T20:54:22.905+0000] {processor.py:840} INFO - DAG(s) 'proyecto_bigdata' retrieved from /opt/airflow/dags/proyecto_bigdata_dag.py
[2025-04-04T20:54:22.932+0000] {logging_mixin.py:188} INFO - [2025-04-04T20:54:22.931+0000] {dag.py:3036} INFO - Sync 1 DAGs
[2025-04-04T20:54:22.953+0000] {logging_mixin.py:188} INFO - [2025-04-04T20:54:22.953+0000] {dag.py:3823} INFO - Setting next_dagrun for proyecto_bigdata to 2025-04-03 00:00:00+00:00, run_after=2025-04-04 00:00:00+00:00
[2025-04-04T20:54:22.975+0000] {processor.py:183} INFO - Processing /opt/airflow/dags/proyecto_bigdata_dag.py took 0.110 seconds
[2025-04-04T20:54:53.392+0000] {processor.py:161} INFO - Started process (PID=233) to work on /opt/airflow/dags/proyecto_bigdata_dag.py
[2025-04-04T20:54:53.393+0000] {processor.py:830} INFO - Processing file /opt/airflow/dags/proyecto_bigdata_dag.py for tasks to queue
[2025-04-04T20:54:53.395+0000] {logging_mixin.py:188} INFO - [2025-04-04T20:54:53.395+0000] {dagbag.py:538} INFO - Filling up the DagBag from /opt/airflow/dags/proyecto_bigdata_dag.py
[2025-04-04T20:54:53.443+0000] {processor.py:840} INFO - DAG(s) 'proyecto_bigdata' retrieved from /opt/airflow/dags/proyecto_bigdata_dag.py
[2025-04-04T20:54:53.481+0000] {logging_mixin.py:188} INFO - [2025-04-04T20:54:53.481+0000] {dag.py:3036} INFO - Sync 1 DAGs
[2025-04-04T20:54:53.513+0000] {logging_mixin.py:188} INFO - [2025-04-04T20:54:53.512+0000] {dag.py:3823} INFO - Setting next_dagrun for proyecto_bigdata to 2025-04-03 00:00:00+00:00, run_after=2025-04-04 00:00:00+00:00
[2025-04-04T20:54:53.545+0000] {processor.py:183} INFO - Processing /opt/airflow/dags/proyecto_bigdata_dag.py took 0.158 seconds
[2025-04-04T20:55:24.029+0000] {processor.py:161} INFO - Started process (PID=244) to work on /opt/airflow/dags/proyecto_bigdata_dag.py
[2025-04-04T20:55:24.030+0000] {processor.py:830} INFO - Processing file /opt/airflow/dags/proyecto_bigdata_dag.py for tasks to queue
[2025-04-04T20:55:24.032+0000] {logging_mixin.py:188} INFO - [2025-04-04T20:55:24.031+0000] {dagbag.py:538} INFO - Filling up the DagBag from /opt/airflow/dags/proyecto_bigdata_dag.py
[2025-04-04T20:55:24.084+0000] {processor.py:840} INFO - DAG(s) 'proyecto_bigdata' retrieved from /opt/airflow/dags/proyecto_bigdata_dag.py
[2025-04-04T20:55:24.126+0000] {logging_mixin.py:188} INFO - [2025-04-04T20:55:24.126+0000] {dag.py:3036} INFO - Sync 1 DAGs
[2025-04-04T20:55:24.155+0000] {logging_mixin.py:188} INFO - [2025-04-04T20:55:24.154+0000] {dag.py:3823} INFO - Setting next_dagrun for proyecto_bigdata to 2025-04-03 00:00:00+00:00, run_after=2025-04-04 00:00:00+00:00
[2025-04-04T20:55:24.193+0000] {processor.py:183} INFO - Processing /opt/airflow/dags/proyecto_bigdata_dag.py took 0.168 seconds
[2025-04-04T20:55:54.680+0000] {processor.py:161} INFO - Started process (PID=255) to work on /opt/airflow/dags/proyecto_bigdata_dag.py
[2025-04-04T20:55:54.681+0000] {processor.py:830} INFO - Processing file /opt/airflow/dags/proyecto_bigdata_dag.py for tasks to queue
[2025-04-04T20:55:54.684+0000] {logging_mixin.py:188} INFO - [2025-04-04T20:55:54.683+0000] {dagbag.py:538} INFO - Filling up the DagBag from /opt/airflow/dags/proyecto_bigdata_dag.py
[2025-04-04T20:55:54.733+0000] {processor.py:840} INFO - DAG(s) 'proyecto_bigdata' retrieved from /opt/airflow/dags/proyecto_bigdata_dag.py
[2025-04-04T20:55:54.774+0000] {logging_mixin.py:188} INFO - [2025-04-04T20:55:54.774+0000] {dag.py:3036} INFO - Sync 1 DAGs
[2025-04-04T20:55:54.807+0000] {logging_mixin.py:188} INFO - [2025-04-04T20:55:54.807+0000] {dag.py:3823} INFO - Setting next_dagrun for proyecto_bigdata to 2025-04-03 00:00:00+00:00, run_after=2025-04-04 00:00:00+00:00
[2025-04-04T20:55:54.839+0000] {processor.py:183} INFO - Processing /opt/airflow/dags/proyecto_bigdata_dag.py took 0.165 seconds
[2025-04-04T20:56:25.410+0000] {processor.py:161} INFO - Started process (PID=276) to work on /opt/airflow/dags/proyecto_bigdata_dag.py
[2025-04-04T20:56:25.411+0000] {processor.py:830} INFO - Processing file /opt/airflow/dags/proyecto_bigdata_dag.py for tasks to queue
[2025-04-04T20:56:25.413+0000] {logging_mixin.py:188} INFO - [2025-04-04T20:56:25.413+0000] {dagbag.py:538} INFO - Filling up the DagBag from /opt/airflow/dags/proyecto_bigdata_dag.py
[2025-04-04T20:56:25.463+0000] {processor.py:840} INFO - DAG(s) 'proyecto_bigdata' retrieved from /opt/airflow/dags/proyecto_bigdata_dag.py
[2025-04-04T20:56:25.504+0000] {logging_mixin.py:188} INFO - [2025-04-04T20:56:25.503+0000] {dag.py:3036} INFO - Sync 1 DAGs
[2025-04-04T20:56:25.534+0000] {logging_mixin.py:188} INFO - [2025-04-04T20:56:25.534+0000] {dag.py:3823} INFO - Setting next_dagrun for proyecto_bigdata to 2025-04-04 00:00:00+00:00, run_after=2025-04-05 00:00:00+00:00
[2025-04-04T20:56:25.572+0000] {processor.py:183} INFO - Processing /opt/airflow/dags/proyecto_bigdata_dag.py took 0.166 seconds
[2025-04-04T20:56:56.087+0000] {processor.py:161} INFO - Started process (PID=287) to work on /opt/airflow/dags/proyecto_bigdata_dag.py
[2025-04-04T20:56:56.088+0000] {processor.py:830} INFO - Processing file /opt/airflow/dags/proyecto_bigdata_dag.py for tasks to queue
[2025-04-04T20:56:56.090+0000] {logging_mixin.py:188} INFO - [2025-04-04T20:56:56.089+0000] {dagbag.py:538} INFO - Filling up the DagBag from /opt/airflow/dags/proyecto_bigdata_dag.py
[2025-04-04T20:56:56.129+0000] {processor.py:840} INFO - DAG(s) 'proyecto_bigdata' retrieved from /opt/airflow/dags/proyecto_bigdata_dag.py
[2025-04-04T20:56:56.166+0000] {logging_mixin.py:188} INFO - [2025-04-04T20:56:56.166+0000] {dag.py:3036} INFO - Sync 1 DAGs
[2025-04-04T20:56:56.200+0000] {logging_mixin.py:188} INFO - [2025-04-04T20:56:56.199+0000] {dag.py:3823} INFO - Setting next_dagrun for proyecto_bigdata to 2025-04-04 00:00:00+00:00, run_after=2025-04-05 00:00:00+00:00
[2025-04-04T20:56:56.243+0000] {processor.py:183} INFO - Processing /opt/airflow/dags/proyecto_bigdata_dag.py took 0.161 seconds
[2025-04-04T20:57:26.941+0000] {processor.py:161} INFO - Started process (PID=298) to work on /opt/airflow/dags/proyecto_bigdata_dag.py
[2025-04-04T20:57:26.943+0000] {processor.py:830} INFO - Processing file /opt/airflow/dags/proyecto_bigdata_dag.py for tasks to queue
[2025-04-04T20:57:26.945+0000] {logging_mixin.py:188} INFO - [2025-04-04T20:57:26.944+0000] {dagbag.py:538} INFO - Filling up the DagBag from /opt/airflow/dags/proyecto_bigdata_dag.py
[2025-04-04T20:57:27.012+0000] {processor.py:840} INFO - DAG(s) 'proyecto_bigdata' retrieved from /opt/airflow/dags/proyecto_bigdata_dag.py
[2025-04-04T20:57:27.058+0000] {logging_mixin.py:188} INFO - [2025-04-04T20:57:27.058+0000] {dag.py:3036} INFO - Sync 1 DAGs
[2025-04-04T20:57:27.096+0000] {logging_mixin.py:188} INFO - [2025-04-04T20:57:27.095+0000] {dag.py:3823} INFO - Setting next_dagrun for proyecto_bigdata to 2025-04-04 00:00:00+00:00, run_after=2025-04-05 00:00:00+00:00
[2025-04-04T20:57:27.139+0000] {processor.py:183} INFO - Processing /opt/airflow/dags/proyecto_bigdata_dag.py took 0.202 seconds
[2025-04-04T20:57:57.680+0000] {processor.py:161} INFO - Started process (PID=309) to work on /opt/airflow/dags/proyecto_bigdata_dag.py
[2025-04-04T20:57:57.682+0000] {processor.py:830} INFO - Processing file /opt/airflow/dags/proyecto_bigdata_dag.py for tasks to queue
[2025-04-04T20:57:57.684+0000] {logging_mixin.py:188} INFO - [2025-04-04T20:57:57.683+0000] {dagbag.py:538} INFO - Filling up the DagBag from /opt/airflow/dags/proyecto_bigdata_dag.py
[2025-04-04T20:57:57.735+0000] {processor.py:840} INFO - DAG(s) 'proyecto_bigdata' retrieved from /opt/airflow/dags/proyecto_bigdata_dag.py
[2025-04-04T20:57:57.774+0000] {logging_mixin.py:188} INFO - [2025-04-04T20:57:57.773+0000] {dag.py:3036} INFO - Sync 1 DAGs
[2025-04-04T20:57:57.807+0000] {logging_mixin.py:188} INFO - [2025-04-04T20:57:57.807+0000] {dag.py:3823} INFO - Setting next_dagrun for proyecto_bigdata to 2025-04-04 00:00:00+00:00, run_after=2025-04-05 00:00:00+00:00
[2025-04-04T20:57:57.846+0000] {processor.py:183} INFO - Processing /opt/airflow/dags/proyecto_bigdata_dag.py took 0.171 seconds
[2025-04-04T20:58:28.380+0000] {processor.py:161} INFO - Started process (PID=320) to work on /opt/airflow/dags/proyecto_bigdata_dag.py
[2025-04-04T20:58:28.382+0000] {processor.py:830} INFO - Processing file /opt/airflow/dags/proyecto_bigdata_dag.py for tasks to queue
[2025-04-04T20:58:28.383+0000] {logging_mixin.py:188} INFO - [2025-04-04T20:58:28.383+0000] {dagbag.py:538} INFO - Filling up the DagBag from /opt/airflow/dags/proyecto_bigdata_dag.py
[2025-04-04T20:58:28.435+0000] {processor.py:840} INFO - DAG(s) 'proyecto_bigdata' retrieved from /opt/airflow/dags/proyecto_bigdata_dag.py
[2025-04-04T20:58:28.476+0000] {logging_mixin.py:188} INFO - [2025-04-04T20:58:28.476+0000] {dag.py:3036} INFO - Sync 1 DAGs
[2025-04-04T20:58:28.507+0000] {logging_mixin.py:188} INFO - [2025-04-04T20:58:28.507+0000] {dag.py:3823} INFO - Setting next_dagrun for proyecto_bigdata to 2025-04-04 00:00:00+00:00, run_after=2025-04-05 00:00:00+00:00
[2025-04-04T20:58:28.543+0000] {processor.py:183} INFO - Processing /opt/airflow/dags/proyecto_bigdata_dag.py took 0.167 seconds
[2025-04-04T20:58:59.049+0000] {processor.py:161} INFO - Started process (PID=331) to work on /opt/airflow/dags/proyecto_bigdata_dag.py
[2025-04-04T20:58:59.050+0000] {processor.py:830} INFO - Processing file /opt/airflow/dags/proyecto_bigdata_dag.py for tasks to queue
[2025-04-04T20:58:59.051+0000] {logging_mixin.py:188} INFO - [2025-04-04T20:58:59.051+0000] {dagbag.py:538} INFO - Filling up the DagBag from /opt/airflow/dags/proyecto_bigdata_dag.py
[2025-04-04T20:58:59.104+0000] {processor.py:840} INFO - DAG(s) 'proyecto_bigdata' retrieved from /opt/airflow/dags/proyecto_bigdata_dag.py
[2025-04-04T20:58:59.145+0000] {logging_mixin.py:188} INFO - [2025-04-04T20:58:59.145+0000] {dag.py:3036} INFO - Sync 1 DAGs
[2025-04-04T20:58:59.187+0000] {logging_mixin.py:188} INFO - [2025-04-04T20:58:59.187+0000] {dag.py:3823} INFO - Setting next_dagrun for proyecto_bigdata to 2025-04-04 00:00:00+00:00, run_after=2025-04-05 00:00:00+00:00
[2025-04-04T20:58:59.222+0000] {processor.py:183} INFO - Processing /opt/airflow/dags/proyecto_bigdata_dag.py took 0.178 seconds
[2025-04-04T20:59:29.690+0000] {processor.py:161} INFO - Started process (PID=342) to work on /opt/airflow/dags/proyecto_bigdata_dag.py
[2025-04-04T20:59:29.692+0000] {processor.py:830} INFO - Processing file /opt/airflow/dags/proyecto_bigdata_dag.py for tasks to queue
[2025-04-04T20:59:29.694+0000] {logging_mixin.py:188} INFO - [2025-04-04T20:59:29.694+0000] {dagbag.py:538} INFO - Filling up the DagBag from /opt/airflow/dags/proyecto_bigdata_dag.py
[2025-04-04T20:59:29.746+0000] {processor.py:840} INFO - DAG(s) 'proyecto_bigdata' retrieved from /opt/airflow/dags/proyecto_bigdata_dag.py
[2025-04-04T20:59:29.793+0000] {logging_mixin.py:188} INFO - [2025-04-04T20:59:29.793+0000] {dag.py:3036} INFO - Sync 1 DAGs
[2025-04-04T20:59:29.886+0000] {logging_mixin.py:188} INFO - [2025-04-04T20:59:29.886+0000] {dag.py:3823} INFO - Setting next_dagrun for proyecto_bigdata to 2025-04-04 00:00:00+00:00, run_after=2025-04-05 00:00:00+00:00
[2025-04-04T20:59:29.982+0000] {processor.py:183} INFO - Processing /opt/airflow/dags/proyecto_bigdata_dag.py took 0.298 seconds
[2025-04-04T21:00:00.536+0000] {processor.py:161} INFO - Started process (PID=353) to work on /opt/airflow/dags/proyecto_bigdata_dag.py
[2025-04-04T21:00:00.538+0000] {processor.py:830} INFO - Processing file /opt/airflow/dags/proyecto_bigdata_dag.py for tasks to queue
[2025-04-04T21:00:00.540+0000] {logging_mixin.py:188} INFO - [2025-04-04T21:00:00.539+0000] {dagbag.py:538} INFO - Filling up the DagBag from /opt/airflow/dags/proyecto_bigdata_dag.py
[2025-04-04T21:00:00.595+0000] {processor.py:840} INFO - DAG(s) 'proyecto_bigdata' retrieved from /opt/airflow/dags/proyecto_bigdata_dag.py
[2025-04-04T21:00:00.638+0000] {logging_mixin.py:188} INFO - [2025-04-04T21:00:00.638+0000] {dag.py:3036} INFO - Sync 1 DAGs
[2025-04-04T21:00:00.674+0000] {logging_mixin.py:188} INFO - [2025-04-04T21:00:00.674+0000] {dag.py:3823} INFO - Setting next_dagrun for proyecto_bigdata to 2025-04-04 00:00:00+00:00, run_after=2025-04-05 00:00:00+00:00
[2025-04-04T21:00:00.706+0000] {processor.py:183} INFO - Processing /opt/airflow/dags/proyecto_bigdata_dag.py took 0.174 seconds
[2025-04-04T21:00:31.220+0000] {processor.py:161} INFO - Started process (PID=364) to work on /opt/airflow/dags/proyecto_bigdata_dag.py
[2025-04-04T21:00:31.222+0000] {processor.py:830} INFO - Processing file /opt/airflow/dags/proyecto_bigdata_dag.py for tasks to queue
[2025-04-04T21:00:31.224+0000] {logging_mixin.py:188} INFO - [2025-04-04T21:00:31.224+0000] {dagbag.py:538} INFO - Filling up the DagBag from /opt/airflow/dags/proyecto_bigdata_dag.py
[2025-04-04T21:00:31.288+0000] {processor.py:840} INFO - DAG(s) 'proyecto_bigdata' retrieved from /opt/airflow/dags/proyecto_bigdata_dag.py
[2025-04-04T21:00:31.330+0000] {logging_mixin.py:188} INFO - [2025-04-04T21:00:31.329+0000] {dag.py:3036} INFO - Sync 1 DAGs
[2025-04-04T21:00:31.365+0000] {logging_mixin.py:188} INFO - [2025-04-04T21:00:31.364+0000] {dag.py:3823} INFO - Setting next_dagrun for proyecto_bigdata to 2025-04-04 00:00:00+00:00, run_after=2025-04-05 00:00:00+00:00
[2025-04-04T21:00:31.397+0000] {processor.py:183} INFO - Processing /opt/airflow/dags/proyecto_bigdata_dag.py took 0.182 seconds
[2025-04-04T21:01:01.936+0000] {processor.py:161} INFO - Started process (PID=375) to work on /opt/airflow/dags/proyecto_bigdata_dag.py
[2025-04-04T21:01:01.938+0000] {processor.py:830} INFO - Processing file /opt/airflow/dags/proyecto_bigdata_dag.py for tasks to queue
[2025-04-04T21:01:01.940+0000] {logging_mixin.py:188} INFO - [2025-04-04T21:01:01.939+0000] {dagbag.py:538} INFO - Filling up the DagBag from /opt/airflow/dags/proyecto_bigdata_dag.py
[2025-04-04T21:01:01.986+0000] {processor.py:840} INFO - DAG(s) 'proyecto_bigdata' retrieved from /opt/airflow/dags/proyecto_bigdata_dag.py
[2025-04-04T21:01:02.033+0000] {logging_mixin.py:188} INFO - [2025-04-04T21:01:02.032+0000] {dag.py:3036} INFO - Sync 1 DAGs
[2025-04-04T21:01:02.066+0000] {logging_mixin.py:188} INFO - [2025-04-04T21:01:02.065+0000] {dag.py:3823} INFO - Setting next_dagrun for proyecto_bigdata to 2025-04-04 00:00:00+00:00, run_after=2025-04-05 00:00:00+00:00
[2025-04-04T21:01:02.096+0000] {processor.py:183} INFO - Processing /opt/airflow/dags/proyecto_bigdata_dag.py took 0.164 seconds
[2025-04-04T21:01:32.586+0000] {processor.py:161} INFO - Started process (PID=386) to work on /opt/airflow/dags/proyecto_bigdata_dag.py
[2025-04-04T21:01:32.587+0000] {processor.py:830} INFO - Processing file /opt/airflow/dags/proyecto_bigdata_dag.py for tasks to queue
[2025-04-04T21:01:32.589+0000] {logging_mixin.py:188} INFO - [2025-04-04T21:01:32.589+0000] {dagbag.py:538} INFO - Filling up the DagBag from /opt/airflow/dags/proyecto_bigdata_dag.py
[2025-04-04T21:01:32.626+0000] {processor.py:840} INFO - DAG(s) 'proyecto_bigdata' retrieved from /opt/airflow/dags/proyecto_bigdata_dag.py
[2025-04-04T21:01:32.660+0000] {logging_mixin.py:188} INFO - [2025-04-04T21:01:32.660+0000] {dag.py:3036} INFO - Sync 1 DAGs
[2025-04-04T21:01:32.689+0000] {logging_mixin.py:188} INFO - [2025-04-04T21:01:32.689+0000] {dag.py:3823} INFO - Setting next_dagrun for proyecto_bigdata to 2025-04-04 00:00:00+00:00, run_after=2025-04-05 00:00:00+00:00
[2025-04-04T21:01:32.725+0000] {processor.py:183} INFO - Processing /opt/airflow/dags/proyecto_bigdata_dag.py took 0.143 seconds
[2025-04-04T21:02:03.221+0000] {processor.py:161} INFO - Started process (PID=397) to work on /opt/airflow/dags/proyecto_bigdata_dag.py
[2025-04-04T21:02:03.223+0000] {processor.py:830} INFO - Processing file /opt/airflow/dags/proyecto_bigdata_dag.py for tasks to queue
[2025-04-04T21:02:03.225+0000] {logging_mixin.py:188} INFO - [2025-04-04T21:02:03.224+0000] {dagbag.py:538} INFO - Filling up the DagBag from /opt/airflow/dags/proyecto_bigdata_dag.py
[2025-04-04T21:02:03.272+0000] {processor.py:840} INFO - DAG(s) 'proyecto_bigdata' retrieved from /opt/airflow/dags/proyecto_bigdata_dag.py
[2025-04-04T21:02:03.311+0000] {logging_mixin.py:188} INFO - [2025-04-04T21:02:03.310+0000] {dag.py:3036} INFO - Sync 1 DAGs
[2025-04-04T21:02:03.343+0000] {logging_mixin.py:188} INFO - [2025-04-04T21:02:03.343+0000] {dag.py:3823} INFO - Setting next_dagrun for proyecto_bigdata to 2025-04-04 00:00:00+00:00, run_after=2025-04-05 00:00:00+00:00
[2025-04-04T21:02:03.373+0000] {processor.py:183} INFO - Processing /opt/airflow/dags/proyecto_bigdata_dag.py took 0.157 seconds
[2025-04-04T21:02:33.869+0000] {processor.py:161} INFO - Started process (PID=408) to work on /opt/airflow/dags/proyecto_bigdata_dag.py
[2025-04-04T21:02:33.871+0000] {processor.py:830} INFO - Processing file /opt/airflow/dags/proyecto_bigdata_dag.py for tasks to queue
[2025-04-04T21:02:33.872+0000] {logging_mixin.py:188} INFO - [2025-04-04T21:02:33.872+0000] {dagbag.py:538} INFO - Filling up the DagBag from /opt/airflow/dags/proyecto_bigdata_dag.py
[2025-04-04T21:02:33.926+0000] {processor.py:840} INFO - DAG(s) 'proyecto_bigdata' retrieved from /opt/airflow/dags/proyecto_bigdata_dag.py
[2025-04-04T21:02:33.961+0000] {logging_mixin.py:188} INFO - [2025-04-04T21:02:33.960+0000] {dag.py:3036} INFO - Sync 1 DAGs
[2025-04-04T21:02:33.991+0000] {logging_mixin.py:188} INFO - [2025-04-04T21:02:33.991+0000] {dag.py:3823} INFO - Setting next_dagrun for proyecto_bigdata to 2025-04-04 00:00:00+00:00, run_after=2025-04-05 00:00:00+00:00
[2025-04-04T21:02:34.029+0000] {processor.py:183} INFO - Processing /opt/airflow/dags/proyecto_bigdata_dag.py took 0.164 seconds
[2025-04-04T21:03:04.437+0000] {processor.py:161} INFO - Started process (PID=419) to work on /opt/airflow/dags/proyecto_bigdata_dag.py
[2025-04-04T21:03:04.438+0000] {processor.py:830} INFO - Processing file /opt/airflow/dags/proyecto_bigdata_dag.py for tasks to queue
[2025-04-04T21:03:04.440+0000] {logging_mixin.py:188} INFO - [2025-04-04T21:03:04.439+0000] {dagbag.py:538} INFO - Filling up the DagBag from /opt/airflow/dags/proyecto_bigdata_dag.py
[2025-04-04T21:03:04.484+0000] {processor.py:840} INFO - DAG(s) 'proyecto_bigdata' retrieved from /opt/airflow/dags/proyecto_bigdata_dag.py
[2025-04-04T21:03:04.518+0000] {logging_mixin.py:188} INFO - [2025-04-04T21:03:04.518+0000] {dag.py:3036} INFO - Sync 1 DAGs
[2025-04-04T21:03:04.544+0000] {logging_mixin.py:188} INFO - [2025-04-04T21:03:04.544+0000] {dag.py:3823} INFO - Setting next_dagrun for proyecto_bigdata to 2025-04-04 00:00:00+00:00, run_after=2025-04-05 00:00:00+00:00
[2025-04-04T21:03:04.579+0000] {processor.py:183} INFO - Processing /opt/airflow/dags/proyecto_bigdata_dag.py took 0.145 seconds
[2025-04-04T21:03:34.978+0000] {processor.py:161} INFO - Started process (PID=430) to work on /opt/airflow/dags/proyecto_bigdata_dag.py
[2025-04-04T21:03:34.980+0000] {processor.py:830} INFO - Processing file /opt/airflow/dags/proyecto_bigdata_dag.py for tasks to queue
[2025-04-04T21:03:34.982+0000] {logging_mixin.py:188} INFO - [2025-04-04T21:03:34.981+0000] {dagbag.py:538} INFO - Filling up the DagBag from /opt/airflow/dags/proyecto_bigdata_dag.py
[2025-04-04T21:03:35.040+0000] {processor.py:840} INFO - DAG(s) 'proyecto_bigdata' retrieved from /opt/airflow/dags/proyecto_bigdata_dag.py
[2025-04-04T21:03:35.076+0000] {logging_mixin.py:188} INFO - [2025-04-04T21:03:35.076+0000] {dag.py:3036} INFO - Sync 1 DAGs
[2025-04-04T21:03:35.105+0000] {logging_mixin.py:188} INFO - [2025-04-04T21:03:35.105+0000] {dag.py:3823} INFO - Setting next_dagrun for proyecto_bigdata to 2025-04-04 00:00:00+00:00, run_after=2025-04-05 00:00:00+00:00
[2025-04-04T21:03:35.144+0000] {processor.py:183} INFO - Processing /opt/airflow/dags/proyecto_bigdata_dag.py took 0.169 seconds
[2025-04-04T21:04:05.676+0000] {processor.py:161} INFO - Started process (PID=441) to work on /opt/airflow/dags/proyecto_bigdata_dag.py
[2025-04-04T21:04:05.678+0000] {processor.py:830} INFO - Processing file /opt/airflow/dags/proyecto_bigdata_dag.py for tasks to queue
[2025-04-04T21:04:05.680+0000] {logging_mixin.py:188} INFO - [2025-04-04T21:04:05.679+0000] {dagbag.py:538} INFO - Filling up the DagBag from /opt/airflow/dags/proyecto_bigdata_dag.py
[2025-04-04T21:04:05.732+0000] {processor.py:840} INFO - DAG(s) 'proyecto_bigdata' retrieved from /opt/airflow/dags/proyecto_bigdata_dag.py
[2025-04-04T21:04:05.771+0000] {logging_mixin.py:188} INFO - [2025-04-04T21:04:05.770+0000] {dag.py:3036} INFO - Sync 1 DAGs
[2025-04-04T21:04:05.802+0000] {logging_mixin.py:188} INFO - [2025-04-04T21:04:05.801+0000] {dag.py:3823} INFO - Setting next_dagrun for proyecto_bigdata to 2025-04-04 00:00:00+00:00, run_after=2025-04-05 00:00:00+00:00
[2025-04-04T21:04:05.830+0000] {processor.py:183} INFO - Processing /opt/airflow/dags/proyecto_bigdata_dag.py took 0.158 seconds
[2025-04-04T21:04:36.314+0000] {processor.py:161} INFO - Started process (PID=452) to work on /opt/airflow/dags/proyecto_bigdata_dag.py
[2025-04-04T21:04:36.316+0000] {processor.py:830} INFO - Processing file /opt/airflow/dags/proyecto_bigdata_dag.py for tasks to queue
[2025-04-04T21:04:36.317+0000] {logging_mixin.py:188} INFO - [2025-04-04T21:04:36.317+0000] {dagbag.py:538} INFO - Filling up the DagBag from /opt/airflow/dags/proyecto_bigdata_dag.py
[2025-04-04T21:04:36.370+0000] {processor.py:840} INFO - DAG(s) 'proyecto_bigdata' retrieved from /opt/airflow/dags/proyecto_bigdata_dag.py
[2025-04-04T21:04:36.412+0000] {logging_mixin.py:188} INFO - [2025-04-04T21:04:36.411+0000] {dag.py:3036} INFO - Sync 1 DAGs
[2025-04-04T21:04:36.446+0000] {logging_mixin.py:188} INFO - [2025-04-04T21:04:36.446+0000] {dag.py:3823} INFO - Setting next_dagrun for proyecto_bigdata to 2025-04-04 00:00:00+00:00, run_after=2025-04-05 00:00:00+00:00
[2025-04-04T21:04:36.482+0000] {processor.py:183} INFO - Processing /opt/airflow/dags/proyecto_bigdata_dag.py took 0.172 seconds
[2025-04-04T21:05:06.973+0000] {processor.py:161} INFO - Started process (PID=463) to work on /opt/airflow/dags/proyecto_bigdata_dag.py
[2025-04-04T21:05:06.976+0000] {processor.py:830} INFO - Processing file /opt/airflow/dags/proyecto_bigdata_dag.py for tasks to queue
[2025-04-04T21:05:06.978+0000] {logging_mixin.py:188} INFO - [2025-04-04T21:05:06.978+0000] {dagbag.py:538} INFO - Filling up the DagBag from /opt/airflow/dags/proyecto_bigdata_dag.py
[2025-04-04T21:05:07.024+0000] {processor.py:840} INFO - DAG(s) 'proyecto_bigdata' retrieved from /opt/airflow/dags/proyecto_bigdata_dag.py
[2025-04-04T21:05:07.061+0000] {logging_mixin.py:188} INFO - [2025-04-04T21:05:07.061+0000] {dag.py:3036} INFO - Sync 1 DAGs
[2025-04-04T21:05:07.092+0000] {logging_mixin.py:188} INFO - [2025-04-04T21:05:07.092+0000] {dag.py:3823} INFO - Setting next_dagrun for proyecto_bigdata to 2025-04-04 00:00:00+00:00, run_after=2025-04-05 00:00:00+00:00
[2025-04-04T21:05:07.133+0000] {processor.py:183} INFO - Processing /opt/airflow/dags/proyecto_bigdata_dag.py took 0.165 seconds
[2025-04-04T21:05:37.622+0000] {processor.py:161} INFO - Started process (PID=474) to work on /opt/airflow/dags/proyecto_bigdata_dag.py
[2025-04-04T21:05:37.625+0000] {processor.py:830} INFO - Processing file /opt/airflow/dags/proyecto_bigdata_dag.py for tasks to queue
[2025-04-04T21:05:37.627+0000] {logging_mixin.py:188} INFO - [2025-04-04T21:05:37.626+0000] {dagbag.py:538} INFO - Filling up the DagBag from /opt/airflow/dags/proyecto_bigdata_dag.py
[2025-04-04T21:05:37.725+0000] {processor.py:840} INFO - DAG(s) 'proyecto_bigdata' retrieved from /opt/airflow/dags/proyecto_bigdata_dag.py
[2025-04-04T21:05:37.795+0000] {logging_mixin.py:188} INFO - [2025-04-04T21:05:37.795+0000] {dag.py:3036} INFO - Sync 1 DAGs
[2025-04-04T21:05:37.838+0000] {logging_mixin.py:188} INFO - [2025-04-04T21:05:37.837+0000] {dag.py:3823} INFO - Setting next_dagrun for proyecto_bigdata to 2025-04-04 00:00:00+00:00, run_after=2025-04-05 00:00:00+00:00
[2025-04-04T21:05:37.879+0000] {processor.py:183} INFO - Processing /opt/airflow/dags/proyecto_bigdata_dag.py took 0.263 seconds
[2025-04-04T21:06:08.369+0000] {processor.py:161} INFO - Started process (PID=482) to work on /opt/airflow/dags/proyecto_bigdata_dag.py
[2025-04-04T21:06:08.371+0000] {processor.py:830} INFO - Processing file /opt/airflow/dags/proyecto_bigdata_dag.py for tasks to queue
[2025-04-04T21:06:08.373+0000] {logging_mixin.py:188} INFO - [2025-04-04T21:06:08.373+0000] {dagbag.py:538} INFO - Filling up the DagBag from /opt/airflow/dags/proyecto_bigdata_dag.py
[2025-04-04T21:06:08.445+0000] {processor.py:840} INFO - DAG(s) 'proyecto_bigdata' retrieved from /opt/airflow/dags/proyecto_bigdata_dag.py
[2025-04-04T21:06:08.490+0000] {logging_mixin.py:188} INFO - [2025-04-04T21:06:08.489+0000] {dag.py:3036} INFO - Sync 1 DAGs
[2025-04-04T21:06:08.517+0000] {logging_mixin.py:188} INFO - [2025-04-04T21:06:08.517+0000] {dag.py:3823} INFO - Setting next_dagrun for proyecto_bigdata to 2025-04-04 00:00:00+00:00, run_after=2025-04-05 00:00:00+00:00
[2025-04-04T21:06:08.545+0000] {processor.py:183} INFO - Processing /opt/airflow/dags/proyecto_bigdata_dag.py took 0.181 seconds
[2025-04-04T21:06:39.054+0000] {processor.py:161} INFO - Started process (PID=493) to work on /opt/airflow/dags/proyecto_bigdata_dag.py
[2025-04-04T21:06:39.056+0000] {processor.py:830} INFO - Processing file /opt/airflow/dags/proyecto_bigdata_dag.py for tasks to queue
[2025-04-04T21:06:39.059+0000] {logging_mixin.py:188} INFO - [2025-04-04T21:06:39.058+0000] {dagbag.py:538} INFO - Filling up the DagBag from /opt/airflow/dags/proyecto_bigdata_dag.py
[2025-04-04T21:06:39.136+0000] {processor.py:840} INFO - DAG(s) 'proyecto_bigdata' retrieved from /opt/airflow/dags/proyecto_bigdata_dag.py
[2025-04-04T21:06:39.192+0000] {logging_mixin.py:188} INFO - [2025-04-04T21:06:39.191+0000] {dag.py:3036} INFO - Sync 1 DAGs
[2025-04-04T21:06:39.233+0000] {logging_mixin.py:188} INFO - [2025-04-04T21:06:39.232+0000] {dag.py:3823} INFO - Setting next_dagrun for proyecto_bigdata to 2025-04-04 00:00:00+00:00, run_after=2025-04-05 00:00:00+00:00
[2025-04-04T21:06:39.286+0000] {processor.py:183} INFO - Processing /opt/airflow/dags/proyecto_bigdata_dag.py took 0.238 seconds
[2025-04-04T21:07:09.383+0000] {processor.py:161} INFO - Started process (PID=504) to work on /opt/airflow/dags/proyecto_bigdata_dag.py
[2025-04-04T21:07:09.385+0000] {processor.py:830} INFO - Processing file /opt/airflow/dags/proyecto_bigdata_dag.py for tasks to queue
[2025-04-04T21:07:09.386+0000] {logging_mixin.py:188} INFO - [2025-04-04T21:07:09.386+0000] {dagbag.py:538} INFO - Filling up the DagBag from /opt/airflow/dags/proyecto_bigdata_dag.py
[2025-04-04T21:07:09.432+0000] {processor.py:840} INFO - DAG(s) 'proyecto_bigdata' retrieved from /opt/airflow/dags/proyecto_bigdata_dag.py
[2025-04-04T21:07:09.468+0000] {logging_mixin.py:188} INFO - [2025-04-04T21:07:09.468+0000] {dag.py:3036} INFO - Sync 1 DAGs
[2025-04-04T21:07:09.506+0000] {logging_mixin.py:188} INFO - [2025-04-04T21:07:09.506+0000] {dag.py:3823} INFO - Setting next_dagrun for proyecto_bigdata to 2025-04-04 00:00:00+00:00, run_after=2025-04-05 00:00:00+00:00
[2025-04-04T21:07:09.559+0000] {processor.py:183} INFO - Processing /opt/airflow/dags/proyecto_bigdata_dag.py took 0.181 seconds
